{"filename":"AI-FMAB-[720p]-B001.mkv","kind":"playing","time":"2024-06-22T08:50:44Z","title":"AI-FMAB-[720p]-B001.mkv"}
{"filename":"AI-FMAB-[720p]-B001.mkv","kind":"playing","time":"2024-06-22T08:50:49Z","title":"AI-FMAB-[720p]-B001.mkv"}
{"filename":"AI-FMAB-[720p]-B001.mkv","kind":"playing","time":"2024-06-22T08:50:54Z","title":"AI-FMAB-[720p]-B001.mkv"}
{"filename":"AI-FMAB-[720p]-B001.mkv","kind":"playing","time":"2024-06-22T08:50:59Z","title":"AI-FMAB-[720p]-B001.mkv"}
{"filename":"AI-FMAB-[720p]-B001.mkv","kind":"playing","time":"2024-06-22T08:51:04Z","title":"AI-FMAB-[720p]-B001.mkv"}
{"filename":"AI-FMAB-[720p]-B001.mkv","kind":"playing","time":"2024-06-22T08:51:09Z","title":"AI-FMAB-[720p]-B001.mkv"}
{"filename":"AI-FMAB-[720p]-B001.mkv","kind":"playing","time":"2024-06-22T08:51:14Z","title":"AI-FMAB-[720p]-B001.mkv"}
{"filename":"AI-FMAB-[720p]-B001.mkv","kind":"playing","time":"2024-06-22T08:51:19Z","title":"AI-FMAB-[720p]-B001.mkv"}
{"filename":"AI-FMAB-[720p]-B001.mkv","kind":"playing","time":"2024-06-22T08:51:24Z","title":"AI-FMAB-[720p]-B001.mkv"}
{"filename":"AI-FMAB-[720p]-B002.mkv","kind":"playing","time":"2024-06-22T08:51:29Z","title":"AI-FMAB-[720p]-B002.mkv"}
{"filename":"AI-FMAB-[720p]-B002.mkv","kind":"playing","time":"2024-06-22T08:51:34Z","title":"AI-FMAB-[720p]-B002.mkv"}
{"filename":"AI-FMAB-[720p]-B007.mkv","kind":"playing","time":"2024-06-22T08:51:39Z","title":"AI-FMAB-[720p]-B007.mkv"}
{"time":"2024-06-22T09:11:19Z","kind":"playing"}
{"time":"2024-06-22T09:12:12Z","kind":"playing"}
{"time":"2024-06-22T09:12:17Z","kind":"playing"}
{"filename":"AI-FMAB-[720p]-B002.mkv","kind":"playing","time":"2024-06-22T09:17:03Z","title":"AI-FMAB-[720p]-B002.mkv"}
{"time":"2024-06-22T14:35:13Z","kind":"playing"}
{"filename":"AI-FMAB-[720p]-B001.mkv","kind":"playing","time":"2024-06-22T14:35:18Z","title":"AI-FMAB-[720p]-B001.mkv"}
{"filename":"AI-FMAB-[720p]-B001.mkv","kind":"playing","time":"2024-06-22T14:35:23Z","title":"AI-FMAB-[720p]-B001.mkv"}
{"filename":"AI-FMAB-[720p]-B001.mkv","kind":"playing","time":"2024-06-22T14:35:28Z","title":"AI-FMAB-[720p]-B001.mkv"}
{"filename":"AI-FMAB-[720p]-B001.mkv","kind":"playing","time":"2024-06-22T14:35:33Z","title":"AI-FMAB-[720p]-B001.mkv"}
{"filename":"AI-FMAB-[720p]-B001.mkv","kind":"playing","time":"2024-06-22T14:36:50Z","title":"AI-FMAB-[720p]-B001.mkv"}
{"filename":"AI-FMAB-[720p]-B002.mkv","kind":"playing","time":"2024-06-22T14:36:55Z","title":"AI-FMAB-[720p]-B002.mkv"}
{"filename":"AI-FMAB-[720p]-B007.mkv","kind":"playing","time":"2024-06-22T14:37:00Z","title":"AI-FMAB-[720p]-B007.mkv"}
{"filename":"AI-FMAB-[720p]-B007.mkv","kind":"playing","time":"2024-06-22T14:37:05Z","title":"AI-FMAB-[720p]-B007.mkv"}
{"filename":"AI-FMAB-[720p]-B007.mkv","kind":"playing","time":"2024-06-22T14:37:10Z","title":"AI-FMAB-[720p]-B007.mkv"}
{"filename":"AI-FMAB-[720p]-B001.mkv","kind":"playing","time":"2024-06-22T14:38:15Z","title":"AI-FMAB-[720p]-B001.mkv"}
{"filename":"AI-FMAB-[720p]-B001.mkv","kind":"playing","time":"2024-06-22T14:38:20Z","title":"AI-FMAB-[720p]-B001.mkv"}
{"filename":"AI-FMAB-[720p]-B001.mkv","kind":"playing","time":"2024-06-22T14:38:25Z","title":"AI-FMAB-[720p]-B001.mkv"}
{"filename":"AI-FMAB-[720p]-B001.mkv","kind":"playing","time":"2024-06-22T14:38:30Z","title":"AI-FMAB-[720p]-B001.mkv"}
{"filename":"AI-FMAB-[720p]-B001.mkv","kind":"playing","time":"2024-06-22T14:38:35Z","title":"AI-FMAB-[720p]-B001.mkv"}
{"filename":"AI-FMAB-[720p]-B001.mkv","kind":"playing","time":"2024-06-22T14:38:40Z","title":"AI-FMAB-[720p]-B001.mkv"}
{"filename":"AI-FMAB-[720p]-B001.mkv","kind":"playing","time":"2024-06-22T14:38:45Z","title":"AI-FMAB-[720p]-B001.mkv"}
{"filename":"AI-FMAB-[720p]-B001.mkv","kind":"playing","time":"2024-06-22T14:38:50Z","title":"AI-FMAB-[720p]-B001.mkv"}
{"filename":"AI-FMAB-[720p]-B001.mkv","kind":"playing","time":"2024-06-22T14:38:55Z","title":"AI-FMAB-[720p]-B001.mkv"}
{"filename":"AI-FMAB-[720p]-B001.mkv","kind":"playing","time":"2024-06-22T14:39:00Z","title":"AI-FMAB-[720p]-B001.mkv"}
{"filename":"AI-FMAB-[720p]-B001.mkv","kind":"playing","time":"2024-06-22T14:39:05Z","title":"AI-FMAB-[720p]-B001.mkv"}
{"filename":"AI-FMAB-[720p]-B001.mkv","kind":"playing","time":"2024-06-22T14:39:10Z","title":"AI-FMAB-[720p]-B001.mkv"}
{"filename":"AI-FMAB-[720p]-B001.mkv","kind":"playing","time":"2024-06-22T14:39:15Z","title":"AI-FMAB-[720p]-B001.mkv"}
{"filename":"AI-FMAB-[720p]-B001.mkv","kind":"playing","time":"2024-06-22T14:39:20Z","title":"AI-FMAB-[720p]-B001.mkv"}
{"filename":"AI-FMAB-[720p]-B001.mkv","kind":"playing","time":"2024-06-22T14:39:25Z","title":"AI-FMAB-[720p]-B001.mkv"}
{"filename":"AI-FMAB-[720p]-B001.mkv","kind":"playing","time":"2024-06-22T14:39:30Z","title":"AI-FMAB-[720p]-B001.mkv"}
{"filename":"AI-FMAB-[720p]-B001.mkv","kind":"playing","time":"2024-06-22T14:39:35Z","title":"AI-FMAB-[720p]-B001.mkv"}
{"filename":"AI-FMAB-[720p]-B001.mkv","kind":"playing","time":"2024-06-22T14:40:10Z","title":"AI-FMAB-[720p]-B001.mkv"}
{"filename":"AI-FMAB-[720p]-B001.mkv","kind":"playing","time":"2024-06-22T14:40:15Z","title":"AI-FMAB-[720p]-B001.mkv"}
{"filename":"Episode 1 - Naruto Uzumaki.mkv","kind":"playing","time":"2024-06-22T14:54:59Z","title":"Naruto"}
{"filename":"Episode 1 - Naruto Uzumaki.mkv","kind":"playing","time":"2024-06-22T14:55:04Z","title":"Naruto"}
{"filename":"Episode 1 - Naruto Uzumaki.mkv","kind":"playing","time":"2024-06-22T14:55:09Z","title":"Naruto"}
{"filename":"Episode 1 - Naruto Uzumaki.mkv","kind":"playing","time":"2024-06-22T14:55:14Z","title":"Naruto"}
{"filename":"Episode 1 - Naruto Uzumaki.mkv","kind":"playing","time":"2024-06-22T14:55:19Z","title":"Naruto"}
{"filename":"haikyuu-lev-genzan-ova.mp4","kind":"playing","time":"2024-06-22T18:08:44Z","title":"haikyuu-lev-genzan-ova.mp4"}
{"filename":"haikyuu-lev-genzan-ova.mp4","kind":"playing","time":"2024-06-22T18:08:49Z","title":"haikyuu-lev-genzan-ova.mp4"}
{"filename":"haikyuu-lev-genzan-ova.mp4","kind":"playing","time":"2024-06-22T18:08:54Z","title":"haikyuu-lev-genzan-ova.mp4"}
{"filename":"haikyuu-lev-genzan-ova.mp4","kind":"playing","time":"2024-06-22T18:08:59Z","title":"haikyuu-lev-genzan-ova.mp4"}
{"filename":"Haikyuu!! - 01.mkv","kind":"playing","time":"2024-06-22T18:09:14Z","title":"www.animeworldbd.com"}
{"filename":"Haikyuu!! - 01.mkv","kind":"playing","time":"2024-06-22T18:09:19Z","title":"www.animeworldbd.com"}
{"filename":"Haikyuu!! - 01.mkv","kind":"playing","time":"2024-06-22T18:09:24Z","title":"www.animeworldbd.com"}
{"filename":"Haikyuu!! - 01.mkv","kind":"playing","time":"2024-06-22T18:09:29Z","title":"www.animeworldbd.com"}
{"filename":"Haikyuu!! - 01.mkv","kind":"playing","time":"2024-06-22T18:09:34Z","title":"www.animeworldbd.com"}
{"filename":"Haikyuu!! - 01.mkv","kind":"playing","time":"2024-06-22T18:09:39Z","title":"www.animeworldbd.com"}
{"filename":"Haikyuu!! - 01.mkv","kind":"playing","time":"2024-06-22T18:09:44Z","title":"www.animeworldbd.com"}
