{"filename":"watch?v=srO40dy57FU","kind":"playing","time":"2024-07-04T18:56:02Z","title":"watch?v=srO40dy57FU"}
{"filename":"watch?v=srO40dy57FU","kind":"playing","time":"2024-07-04T18:56:07Z","title":"Diamond Tema vs Fikret Çetin (2) || Mantık ve Matematik (Yer6)"}
{"filename":"watch?v=srO40dy57FU","kind":"playing","time":"2024-07-04T18:56:12Z","title":"Diamond Tema vs Fikret Çetin (2) || Mantık ve Matematik (Yer6)"}
{"filename":"watch?v=srO40dy57FU","kind":"playing","time":"2024-07-04T18:56:12Z","title":"watch?v=srO40dy57FU"}
{"filename":"watch?v=srO40dy57FU","kind":"playing","time":"2024-07-04T18:56:17Z","title":"Diamond Tema vs Fikret Çetin (2) || Mantık ve Matematik (Yer6)"}
{"filename":"watch?v=srO40dy57FU","kind":"playing","time":"2024-07-04T18:56:17Z","title":"Diamond Tema vs Fikret Çetin (2) || Mantık ve Matematik (Yer6)"}
{"filename":"watch?v=srO40dy57FU","kind":"playing","time":"2024-07-04T18:56:22Z","title":"Diamond Tema vs Fikret Çetin (2) || Mantık ve Matematik (Yer6)"}
{"filename":"watch?v=srO40dy57FU","kind":"playing","time":"2024-07-04T18:56:22Z","title":"Diamond Tema vs Fikret Çetin (2) || Mantık ve Matematik (Yer6)"}
{"filename":"watch?v=srO40dy57FU","kind":"playing","time":"2024-07-04T18:56:27Z","title":"Diamond Tema vs Fikret Çetin (2) || Mantık ve Matematik (Yer6)"}
{"filename":"watch?v=srO40dy57FU","kind":"playing","time":"2024-07-04T18:56:32Z","title":"Diamond Tema vs Fikret Çetin (2) || Mantık ve Matematik (Yer6)"}
{"filename":"watch?v=srO40dy57FU","kind":"playing","time":"2024-07-04T18:56:37Z","title":"Diamond Tema vs Fikret Çetin (2) || Mantık ve Matematik (Yer6)"}
{"filename":"watch?v=srO40dy57FU","kind":"playing","time":"2024-07-04T18:56:42Z","title":"Diamond Tema vs Fikret Çetin (2) || Mantık ve Matematik (Yer6)"}
{"filename":"watch?v=srO40dy57FU","kind":"playing","time":"2024-07-04T18:56:47Z","title":"Diamond Tema vs Fikret Çetin (2) || Mantık ve Matematik (Yer6)"}
{"filename":"watch?v=srO40dy57FU","kind":"playing","time":"2024-07-04T18:56:52Z","title":"Diamond Tema vs Fikret Çetin (2) || Mantık ve Matematik (Yer6)"}
{"filename":"watch?v=srO40dy57FU","kind":"playing","time":"2024-07-04T18:56:57Z","title":"Diamond Tema vs Fikret Çetin (2) || Mantık ve Matematik (Yer6)"}
{"filename":"watch?v=srO40dy57FU","kind":"playing","time":"2024-07-04T18:57:02Z","title":"Diamond Tema vs Fikret Çetin (2) || Mantık ve Matematik (Yer6)"}
{"filename":"watch?v=srO40dy57FU","kind":"playing","time":"2024-07-04T18:57:07Z","title":"Diamond Tema vs Fikret Çetin (2) || Mantık ve Matematik (Yer6)"}
{"filename":"watch?v=srO40dy57FU","kind":"playing","time":"2024-07-04T18:57:12Z","title":"Diamond Tema vs Fikret Çetin (2) || Mantık ve Matematik (Yer6)"}
{"filename":"watch?v=srO40dy57FU","kind":"playing","time":"2024-07-04T18:57:17Z","title":"Diamond Tema vs Fikret Çetin (2) || Mantık ve Matematik (Yer6)"}
{"filename":"watch?v=srO40dy57FU","kind":"playing","time":"2024-07-04T18:57:22Z","title":"Diamond Tema vs Fikret Çetin (2) || Mantık ve Matematik (Yer6)"}
{"filename":"watch?v=srO40dy57FU","kind":"playing","time":"2024-07-04T18:57:27Z","title":"Diamond Tema vs Fikret Çetin (2) || Mantık ve Matematik (Yer6)"}
{"filename":"watch?v=srO40dy57FU","kind":"playing","time":"2024-07-04T18:57:32Z","title":"Diamond Tema vs Fikret Çetin (2) || Mantık ve Matematik (Yer6)"}
{"filename":"watch?v=srO40dy57FU","kind":"playing","time":"2024-07-04T18:57:37Z","title":"Diamond Tema vs Fikret Çetin (2) || Mantık ve Matematik (Yer6)"}
{"time":"2024-07-04T19:00:48Z","kind":"playing"}
{"time":"2024-07-04T19:00:53Z","kind":"playing"}
{"filename":"AI-FMAB-[720p]-B001.mkv","kind":"playing","time":"2024-07-04T19:00:58Z","title":"AI-FMAB-[720p]-B001.mkv"}
{"filename":"AI-FMAB-[720p]-B012.mkv","kind":"playing","time":"2024-07-04T19:01:03Z","title":"AI-FMAB-[720p]-B012.mkv"}
{"filename":"AI-FMAB-[720p]-B012.mkv","kind":"playing","time":"2024-07-04T19:01:08Z","title":"AI-FMAB-[720p]-B012.mkv"}
{"filename":"AI-FMAB-[720p]-B012.mkv","kind":"playing","time":"2024-07-04T19:01:13Z","title":"AI-FMAB-[720p]-B012.mkv"}
{"filename":"AI-FMAB-[720p]-B012.mkv","kind":"playing","time":"2024-07-04T19:01:18Z","title":"AI-FMAB-[720p]-B012.mkv"}
{"filename":"AI-FMAB-[720p]-B012.mkv","kind":"playing","time":"2024-07-04T19:01:23Z","title":"AI-FMAB-[720p]-B012.mkv"}
{"filename":"AI-FMAB-[720p]-B012.mkv","kind":"playing","time":"2024-07-04T19:01:28Z","title":"AI-FMAB-[720p]-B012.mkv"}
{"filename":"AI-FMAB-[720p]-B012.mkv","kind":"playing","time":"2024-07-04T19:01:33Z","title":"AI-FMAB-[720p]-B012.mkv"}
{"filename":"AI-FMAB-[720p]-B012.mkv","kind":"playing","time":"2024-07-04T19:01:38Z","title":"AI-FMAB-[720p]-B012.mkv"}
{"filename":"AI-FMAB-[720p]-B012.mkv","kind":"playing","time":"2024-07-04T19:01:43Z","title":"AI-FMAB-[720p]-B012.mkv"}
{"filename":"AI-FMAB-[720p]-B012.mkv","kind":"playing","time":"2024-07-04T19:01:48Z","title":"AI-FMAB-[720p]-B012.mkv"}
{"filename":"AI-FMAB-[720p]-B012.mkv","kind":"playing","time":"2024-07-04T19:01:53Z","title":"AI-FMAB-[720p]-B012.mkv"}
{"filename":"AI-FMAB-[720p]-B012.mkv","kind":"playing","time":"2024-07-04T19:01:58Z","title":"AI-FMAB-[720p]-B012.mkv"}
{"filename":"AI-FMAB-[720p]-B012.mkv","kind":"playing","time":"2024-07-04T19:02:03Z","title":"AI-FMAB-[720p]-B012.mkv"}
{"filename":"AI-FMAB-[720p]-B012.mkv","kind":"playing","time":"2024-07-04T19:02:08Z","title":"AI-FMAB-[720p]-B012.mkv"}
{"filename":"AI-FMAB-[720p]-B012.mkv","kind":"playing","time":"2024-07-04T19:02:13Z","title":"AI-FMAB-[720p]-B012.mkv"}
{"filename":"AI-FMAB-[720p]-B012.mkv","kind":"playing","time":"2024-07-04T19:02:18Z","title":"AI-FMAB-[720p]-B012.mkv"}
{"filename":"AI-FMAB-[720p]-B012.mkv","kind":"playing","time":"2024-07-04T19:02:23Z","title":"AI-FMAB-[720p]-B012.mkv"}
{"filename":"AI-FMAB-[720p]-B012.mkv","kind":"playing","time":"2024-07-04T19:02:28Z","title":"AI-FMAB-[720p]-B012.mkv"}
{"filename":"AI-FMAB-[720p]-B012.mkv","kind":"playing","time":"2024-07-04T19:02:33Z","title":"AI-FMAB-[720p]-B012.mkv"}
{"filename":"AI-FMAB-[720p]-B012.mkv","kind":"playing","time":"2024-07-04T19:02:38Z","title":"AI-FMAB-[720p]-B012.mkv"}
{"filename":"AI-FMAB-[720p]-B012.mkv","kind":"playing","time":"2024-07-04T19:02:43Z","title":"AI-FMAB-[720p]-B012.mkv"}
{"filename":"AI-FMAB-[720p]-B012.mkv","kind":"playing","time":"2024-07-04T19:02:48Z","title":"AI-FMAB-[720p]-B012.mkv"}
{"filename":"AI-FMAB-[720p]-B012.mkv","kind":"playing","time":"2024-07-04T19:02:53Z","title":"AI-FMAB-[720p]-B012.mkv"}
{"filename":"AI-FMAB-[720p]-B012.mkv","kind":"playing","time":"2024-07-04T19:02:58Z","title":"AI-FMAB-[720p]-B012.mkv"}
{"filename":"AI-FMAB-[720p]-B012.mkv","kind":"playing","time":"2024-07-04T19:03:03Z","title":"AI-FMAB-[720p]-B012.mkv"}
{"filename":"AI-FMAB-[720p]-B012.mkv","kind":"playing","time":"2024-07-04T19:03:08Z","title":"AI-FMAB-[720p]-B012.mkv"}
{"filename":"AI-FMAB-[720p]-B012.mkv","kind":"playing","time":"2024-07-04T19:03:13Z","title":"AI-FMAB-[720p]-B012.mkv"}
{"filename":"AI-FMAB-[720p]-B012.mkv","kind":"playing","time":"2024-07-04T19:03:18Z","title":"AI-FMAB-[720p]-B012.mkv"}
{"filename":"AI-FMAB-[720p]-B012.mkv","kind":"playing","time":"2024-07-04T19:03:23Z","title":"AI-FMAB-[720p]-B012.mkv"}
{"filename":"AI-FMAB-[720p]-B012.mkv","kind":"playing","time":"2024-07-04T19:03:28Z","title":"AI-FMAB-[720p]-B012.mkv"}
{"filename":"AI-FMAB-[720p]-B012.mkv","kind":"playing","time":"2024-07-04T19:03:33Z","title":"AI-FMAB-[720p]-B012.mkv"}
{"filename":"AI-FMAB-[720p]-B012.mkv","kind":"playing","time":"2024-07-04T19:03:38Z","title":"AI-FMAB-[720p]-B012.mkv"}
{"filename":"AI-FMAB-[720p]-B012.mkv","kind":"playing","time":"2024-07-04T19:03:43Z","title":"AI-FMAB-[720p]-B012.mkv"}
{"filename":"AI-FMAB-[720p]-B012.mkv","kind":"playing","time":"2024-07-04T19:03:48Z","title":"AI-FMAB-[720p]-B012.mkv"}
{"filename":"AI-FMAB-[720p]-B012.mkv","kind":"playing","time":"2024-07-04T19:03:53Z","title":"AI-FMAB-[720p]-B012.mkv"}
{"filename":"AI-FMAB-[720p]-B012.mkv","kind":"playing","time":"2024-07-04T19:03:58Z","title":"AI-FMAB-[720p]-B012.mkv"}
{"filename":"AI-FMAB-[720p]-B012.mkv","kind":"playing","time":"2024-07-04T19:04:03Z","title":"AI-FMAB-[720p]-B012.mkv"}
{"filename":"AI-FMAB-[720p]-B012.mkv","kind":"playing","time":"2024-07-04T19:04:08Z","title":"AI-FMAB-[720p]-B012.mkv"}
{"filename":"AI-FMAB-[720p]-B012.mkv","kind":"playing","time":"2024-07-04T19:04:13Z","title":"AI-FMAB-[720p]-B012.mkv"}
{"filename":"AI-FMAB-[720p]-B012.mkv","kind":"playing","time":"2024-07-04T19:04:18Z","title":"AI-FMAB-[720p]-B012.mkv"}
{"filename":"AI-FMAB-[720p]-B012.mkv","kind":"playing","time":"2024-07-04T19:04:23Z","title":"AI-FMAB-[720p]-B012.mkv"}
{"filename":"AI-FMAB-[720p]-B012.mkv","kind":"playing","time":"2024-07-04T19:04:28Z","title":"AI-FMAB-[720p]-B012.mkv"}
{"filename":"AI-FMAB-[720p]-B012.mkv","kind":"playing","time":"2024-07-04T19:04:33Z","title":"AI-FMAB-[720p]-B012.mkv"}
{"filename":"AI-FMAB-[720p]-B012.mkv","kind":"playing","time":"2024-07-04T19:04:38Z","title":"AI-FMAB-[720p]-B012.mkv"}
{"filename":"AI-FMAB-[720p]-B012.mkv","kind":"playing","time":"2024-07-04T19:04:43Z","title":"AI-FMAB-[720p]-B012.mkv"}
{"filename":"AI-FMAB-[720p]-B012.mkv","kind":"playing","time":"2024-07-04T19:04:48Z","title":"AI-FMAB-[720p]-B012.mkv"}
{"filename":"AI-FMAB-[720p]-B012.mkv","kind":"playing","time":"2024-07-04T19:04:53Z","title":"AI-FMAB-[720p]-B012.mkv"}
{"filename":"AI-FMAB-[720p]-B012.mkv","kind":"playing","time":"2024-07-04T19:04:58Z","title":"AI-FMAB-[720p]-B012.mkv"}
{"filename":"AI-FMAB-[720p]-B012.mkv","kind":"playing","time":"2024-07-04T19:05:03Z","title":"AI-FMAB-[720p]-B012.mkv"}
{"filename":"AI-FMAB-[720p]-B012.mkv","kind":"playing","time":"2024-07-04T19:05:08Z","title":"AI-FMAB-[720p]-B012.mkv"}
{"filename":"AI-FMAB-[720p]-B012.mkv","kind":"playing","time":"2024-07-04T19:05:13Z","title":"AI-FMAB-[720p]-B012.mkv"}
{"filename":"AI-FMAB-[720p]-B012.mkv","kind":"playing","time":"2024-07-04T19:05:18Z","title":"AI-FMAB-[720p]-B012.mkv"}
{"filename":"AI-FMAB-[720p]-B012.mkv","kind":"playing","time":"2024-07-04T19:05:23Z","title":"AI-FMAB-[720p]-B012.mkv"}
{"filename":"AI-FMAB-[720p]-B012.mkv","kind":"playing","time":"2024-07-04T19:05:28Z","title":"AI-FMAB-[720p]-B012.mkv"}
{"filename":"AI-FMAB-[720p]-B012.mkv","kind":"playing","time":"2024-07-04T19:05:33Z","title":"AI-FMAB-[720p]-B012.mkv"}
{"filename":"AI-FMAB-[720p]-B012.mkv","kind":"playing","time":"2024-07-04T19:05:38Z","title":"AI-FMAB-[720p]-B012.mkv"}
{"filename":"AI-FMAB-[720p]-B012.mkv","kind":"playing","time":"2024-07-04T19:05:43Z","title":"AI-FMAB-[720p]-B012.mkv"}
{"filename":"AI-FMAB-[720p]-B012.mkv","kind":"playing","time":"2024-07-04T19:05:48Z","title":"AI-FMAB-[720p]-B012.mkv"}
{"filename":"AI-FMAB-[720p]-B012.mkv","kind":"playing","time":"2024-07-04T19:05:53Z","title":"AI-FMAB-[720p]-B012.mkv"}
{"filename":"AI-FMAB-[720p]-B012.mkv","kind":"playing","time":"2024-07-04T19:05:58Z","title":"AI-FMAB-[720p]-B012.mkv"}
{"filename":"AI-FMAB-[720p]-B012.mkv","kind":"playing","time":"2024-07-04T19:06:03Z","title":"AI-FMAB-[720p]-B012.mkv"}
{"filename":"AI-FMAB-[720p]-B012.mkv","kind":"playing","time":"2024-07-04T19:06:08Z","title":"AI-FMAB-[720p]-B012.mkv"}
{"filename":"AI-FMAB-[720p]-B012.mkv","kind":"playing","time":"2024-07-04T19:06:13Z","title":"AI-FMAB-[720p]-B012.mkv"}
{"filename":"AI-FMAB-[720p]-B012.mkv","kind":"playing","time":"2024-07-04T19:06:18Z","title":"AI-FMAB-[720p]-B012.mkv"}
{"filename":"AI-FMAB-[720p]-B012.mkv","kind":"playing","time":"2024-07-04T19:06:23Z","title":"AI-FMAB-[720p]-B012.mkv"}
{"filename":"AI-FMAB-[720p]-B012.mkv","kind":"playing","time":"2024-07-04T19:06:28Z","title":"AI-FMAB-[720p]-B012.mkv"}
{"filename":"AI-FMAB-[720p]-B012.mkv","kind":"playing","time":"2024-07-04T19:06:33Z","title":"AI-FMAB-[720p]-B012.mkv"}
{"filename":"AI-FMAB-[720p]-B012.mkv","kind":"playing","time":"2024-07-04T19:06:38Z","title":"AI-FMAB-[720p]-B012.mkv"}
{"filename":"AI-FMAB-[720p]-B012.mkv","kind":"playing","time":"2024-07-04T19:06:43Z","title":"AI-FMAB-[720p]-B012.mkv"}
{"filename":"AI-FMAB-[720p]-B012.mkv","kind":"playing","time":"2024-07-04T19:06:48Z","title":"AI-FMAB-[720p]-B012.mkv"}
{"filename":"AI-FMAB-[720p]-B012.mkv","kind":"playing","time":"2024-07-04T19:06:53Z","title":"AI-FMAB-[720p]-B012.mkv"}
{"filename":"AI-FMAB-[720p]-B012.mkv","kind":"playing","time":"2024-07-04T19:06:58Z","title":"AI-FMAB-[720p]-B012.mkv"}
{"filename":"AI-FMAB-[720p]-B012.mkv","kind":"playing","time":"2024-07-04T19:07:03Z","title":"AI-FMAB-[720p]-B012.mkv"}
{"filename":"AI-FMAB-[720p]-B012.mkv","kind":"playing","time":"2024-07-04T19:07:08Z","title":"AI-FMAB-[720p]-B012.mkv"}
{"filename":"AI-FMAB-[720p]-B012.mkv","kind":"playing","time":"2024-07-04T19:07:13Z","title":"AI-FMAB-[720p]-B012.mkv"}
{"filename":"AI-FMAB-[720p]-B012.mkv","kind":"playing","time":"2024-07-04T19:07:18Z","title":"AI-FMAB-[720p]-B012.mkv"}
{"filename":"AI-FMAB-[720p]-B012.mkv","kind":"playing","time":"2024-07-04T19:07:23Z","title":"AI-FMAB-[720p]-B012.mkv"}
{"filename":"AI-FMAB-[720p]-B012.mkv","kind":"playing","time":"2024-07-04T19:07:28Z","title":"AI-FMAB-[720p]-B012.mkv"}
{"filename":"AI-FMAB-[720p]-B012.mkv","kind":"playing","time":"2024-07-04T19:07:33Z","title":"AI-FMAB-[720p]-B012.mkv"}
{"filename":"AI-FMAB-[720p]-B012.mkv","kind":"playing","time":"2024-07-04T19:07:38Z","title":"AI-FMAB-[720p]-B012.mkv"}
{"filename":"AI-FMAB-[720p]-B012.mkv","kind":"playing","time":"2024-07-04T19:07:43Z","title":"AI-FMAB-[720p]-B012.mkv"}
{"filename":"AI-FMAB-[720p]-B012.mkv","kind":"playing","time":"2024-07-04T19:07:48Z","title":"AI-FMAB-[720p]-B012.mkv"}
{"filename":"AI-FMAB-[720p]-B012.mkv","kind":"playing","time":"2024-07-04T19:07:53Z","title":"AI-FMAB-[720p]-B012.mkv"}
{"filename":"AI-FMAB-[720p]-B012.mkv","kind":"playing","time":"2024-07-04T19:07:58Z","title":"AI-FMAB-[720p]-B012.mkv"}
{"filename":"AI-FMAB-[720p]-B012.mkv","kind":"playing","time":"2024-07-04T19:08:03Z","title":"AI-FMAB-[720p]-B012.mkv"}
{"filename":"AI-FMAB-[720p]-B012.mkv","kind":"playing","time":"2024-07-04T19:08:08Z","title":"AI-FMAB-[720p]-B012.mkv"}
{"filename":"AI-FMAB-[720p]-B012.mkv","kind":"playing","time":"2024-07-04T19:08:13Z","title":"AI-FMAB-[720p]-B012.mkv"}
{"filename":"AI-FMAB-[720p]-B012.mkv","kind":"playing","time":"2024-07-04T19:08:18Z","title":"AI-FMAB-[720p]-B012.mkv"}
{"filename":"AI-FMAB-[720p]-B012.mkv","kind":"playing","time":"2024-07-04T19:08:23Z","title":"AI-FMAB-[720p]-B012.mkv"}
{"filename":"AI-FMAB-[720p]-B012.mkv","kind":"playing","time":"2024-07-04T19:08:28Z","title":"AI-FMAB-[720p]-B012.mkv"}
{"filename":"AI-FMAB-[720p]-B012.mkv","kind":"playing","time":"2024-07-04T19:08:33Z","title":"AI-FMAB-[720p]-B012.mkv"}
{"filename":"AI-FMAB-[720p]-B012.mkv","kind":"playing","time":"2024-07-04T19:08:38Z","title":"AI-FMAB-[720p]-B012.mkv"}
{"filename":"AI-FMAB-[720p]-B012.mkv","kind":"playing","time":"2024-07-04T19:08:43Z","title":"AI-FMAB-[720p]-B012.mkv"}
{"filename":"AI-FMAB-[720p]-B012.mkv","kind":"playing","time":"2024-07-04T19:08:48Z","title":"AI-FMAB-[720p]-B012.mkv"}
{"filename":"AI-FMAB-[720p]-B012.mkv","kind":"playing","time":"2024-07-04T19:08:53Z","title":"AI-FMAB-[720p]-B012.mkv"}
{"filename":"AI-FMAB-[720p]-B012.mkv","kind":"playing","time":"2024-07-04T19:08:58Z","title":"AI-FMAB-[720p]-B012.mkv"}
{"filename":"AI-FMAB-[720p]-B012.mkv","kind":"playing","time":"2024-07-04T19:09:03Z","title":"AI-FMAB-[720p]-B012.mkv"}
{"filename":"AI-FMAB-[720p]-B012.mkv","kind":"playing","time":"2024-07-04T19:09:08Z","title":"AI-FMAB-[720p]-B012.mkv"}
{"filename":"AI-FMAB-[720p]-B012.mkv","kind":"playing","time":"2024-07-04T19:09:13Z","title":"AI-FMAB-[720p]-B012.mkv"}
{"filename":"AI-FMAB-[720p]-B012.mkv","kind":"playing","time":"2024-07-04T19:09:18Z","title":"AI-FMAB-[720p]-B012.mkv"}
{"filename":"AI-FMAB-[720p]-B012.mkv","kind":"playing","time":"2024-07-04T19:09:23Z","title":"AI-FMAB-[720p]-B012.mkv"}
{"filename":"AI-FMAB-[720p]-B012.mkv","kind":"playing","time":"2024-07-04T19:09:28Z","title":"AI-FMAB-[720p]-B012.mkv"}
{"filename":"AI-FMAB-[720p]-B012.mkv","kind":"playing","time":"2024-07-04T19:09:33Z","title":"AI-FMAB-[720p]-B012.mkv"}
{"filename":"AI-FMAB-[720p]-B012.mkv","kind":"playing","time":"2024-07-04T19:09:38Z","title":"AI-FMAB-[720p]-B012.mkv"}
{"filename":"AI-FMAB-[720p]-B012.mkv","kind":"playing","time":"2024-07-04T19:09:43Z","title":"AI-FMAB-[720p]-B012.mkv"}
{"filename":"AI-FMAB-[720p]-B012.mkv","kind":"playing","time":"2024-07-04T19:09:48Z","title":"AI-FMAB-[720p]-B012.mkv"}
{"filename":"AI-FMAB-[720p]-B012.mkv","kind":"playing","time":"2024-07-04T19:09:53Z","title":"AI-FMAB-[720p]-B012.mkv"}
{"filename":"AI-FMAB-[720p]-B012.mkv","kind":"playing","time":"2024-07-04T19:09:58Z","title":"AI-FMAB-[720p]-B012.mkv"}
{"filename":"AI-FMAB-[720p]-B012.mkv","kind":"playing","time":"2024-07-04T19:10:03Z","title":"AI-FMAB-[720p]-B012.mkv"}
{"filename":"AI-FMAB-[720p]-B012.mkv","kind":"playing","time":"2024-07-04T19:10:08Z","title":"AI-FMAB-[720p]-B012.mkv"}
{"filename":"AI-FMAB-[720p]-B012.mkv","kind":"playing","time":"2024-07-04T19:10:13Z","title":"AI-FMAB-[720p]-B012.mkv"}
{"filename":"AI-FMAB-[720p]-B012.mkv","kind":"playing","time":"2024-07-04T19:10:18Z","title":"AI-FMAB-[720p]-B012.mkv"}
{"filename":"AI-FMAB-[720p]-B012.mkv","kind":"playing","time":"2024-07-04T19:10:23Z","title":"AI-FMAB-[720p]-B012.mkv"}
{"filename":"AI-FMAB-[720p]-B012.mkv","kind":"playing","time":"2024-07-04T19:10:28Z","title":"AI-FMAB-[720p]-B012.mkv"}
{"filename":"AI-FMAB-[720p]-B012.mkv","kind":"playing","time":"2024-07-04T19:10:33Z","title":"AI-FMAB-[720p]-B012.mkv"}
{"filename":"AI-FMAB-[720p]-B012.mkv","kind":"playing","time":"2024-07-04T19:10:38Z","title":"AI-FMAB-[720p]-B012.mkv"}
{"filename":"AI-FMAB-[720p]-B012.mkv","kind":"playing","time":"2024-07-04T19:10:43Z","title":"AI-FMAB-[720p]-B012.mkv"}
{"filename":"AI-FMAB-[720p]-B012.mkv","kind":"playing","time":"2024-07-04T19:10:48Z","title":"AI-FMAB-[720p]-B012.mkv"}
{"filename":"AI-FMAB-[720p]-B012.mkv","kind":"playing","time":"2024-07-04T19:10:53Z","title":"AI-FMAB-[720p]-B012.mkv"}
{"filename":"AI-FMAB-[720p]-B012.mkv","kind":"playing","time":"2024-07-04T19:10:58Z","title":"AI-FMAB-[720p]-B012.mkv"}
{"filename":"AI-FMAB-[720p]-B012.mkv","kind":"playing","time":"2024-07-04T19:11:03Z","title":"AI-FMAB-[720p]-B012.mkv"}
{"filename":"AI-FMAB-[720p]-B012.mkv","kind":"playing","time":"2024-07-04T19:11:08Z","title":"AI-FMAB-[720p]-B012.mkv"}
{"filename":"AI-FMAB-[720p]-B012.mkv","kind":"playing","time":"2024-07-04T19:11:13Z","title":"AI-FMAB-[720p]-B012.mkv"}
{"filename":"AI-FMAB-[720p]-B012.mkv","kind":"playing","time":"2024-07-04T19:11:18Z","title":"AI-FMAB-[720p]-B012.mkv"}
{"filename":"AI-FMAB-[720p]-B012.mkv","kind":"playing","time":"2024-07-04T19:11:23Z","title":"AI-FMAB-[720p]-B012.mkv"}
{"filename":"AI-FMAB-[720p]-B012.mkv","kind":"playing","time":"2024-07-04T19:11:28Z","title":"AI-FMAB-[720p]-B012.mkv"}
{"filename":"AI-FMAB-[720p]-B012.mkv","kind":"playing","time":"2024-07-04T19:11:33Z","title":"AI-FMAB-[720p]-B012.mkv"}
{"filename":"AI-FMAB-[720p]-B012.mkv","kind":"playing","time":"2024-07-04T19:11:38Z","title":"AI-FMAB-[720p]-B012.mkv"}
{"filename":"AI-FMAB-[720p]-B012.mkv","kind":"playing","time":"2024-07-04T19:11:43Z","title":"AI-FMAB-[720p]-B012.mkv"}
{"filename":"AI-FMAB-[720p]-B012.mkv","kind":"playing","time":"2024-07-04T19:11:48Z","title":"AI-FMAB-[720p]-B012.mkv"}
{"filename":"AI-FMAB-[720p]-B012.mkv","kind":"playing","time":"2024-07-04T19:11:53Z","title":"AI-FMAB-[720p]-B012.mkv"}
{"filename":"AI-FMAB-[720p]-B012.mkv","kind":"playing","time":"2024-07-04T19:11:58Z","title":"AI-FMAB-[720p]-B012.mkv"}
{"filename":"AI-FMAB-[720p]-B012.mkv","kind":"playing","time":"2024-07-04T19:12:03Z","title":"AI-FMAB-[720p]-B012.mkv"}
{"filename":"AI-FMAB-[720p]-B012.mkv","kind":"playing","time":"2024-07-04T19:12:08Z","title":"AI-FMAB-[720p]-B012.mkv"}
{"filename":"AI-FMAB-[720p]-B012.mkv","kind":"playing","time":"2024-07-04T19:12:13Z","title":"AI-FMAB-[720p]-B012.mkv"}
{"filename":"AI-FMAB-[720p]-B012.mkv","kind":"playing","time":"2024-07-04T19:12:18Z","title":"AI-FMAB-[720p]-B012.mkv"}
{"filename":"AI-FMAB-[720p]-B012.mkv","kind":"playing","time":"2024-07-04T19:12:23Z","title":"AI-FMAB-[720p]-B012.mkv"}
{"filename":"AI-FMAB-[720p]-B012.mkv","kind":"playing","time":"2024-07-04T19:12:28Z","title":"AI-FMAB-[720p]-B012.mkv"}
{"filename":"AI-FMAB-[720p]-B012.mkv","kind":"playing","time":"2024-07-04T19:12:33Z","title":"AI-FMAB-[720p]-B012.mkv"}
{"filename":"AI-FMAB-[720p]-B012.mkv","kind":"playing","time":"2024-07-04T19:12:38Z","title":"AI-FMAB-[720p]-B012.mkv"}
{"filename":"AI-FMAB-[720p]-B012.mkv","kind":"playing","time":"2024-07-04T19:12:43Z","title":"AI-FMAB-[720p]-B012.mkv"}
{"filename":"AI-FMAB-[720p]-B012.mkv","kind":"playing","time":"2024-07-04T19:12:48Z","title":"AI-FMAB-[720p]-B012.mkv"}
{"filename":"AI-FMAB-[720p]-B012.mkv","kind":"playing","time":"2024-07-04T19:12:53Z","title":"AI-FMAB-[720p]-B012.mkv"}
{"filename":"AI-FMAB-[720p]-B012.mkv","kind":"playing","time":"2024-07-04T19:12:58Z","title":"AI-FMAB-[720p]-B012.mkv"}
{"filename":"AI-FMAB-[720p]-B012.mkv","kind":"playing","time":"2024-07-04T19:13:03Z","title":"AI-FMAB-[720p]-B012.mkv"}
{"filename":"AI-FMAB-[720p]-B012.mkv","kind":"playing","time":"2024-07-04T19:13:08Z","title":"AI-FMAB-[720p]-B012.mkv"}
{"filename":"AI-FMAB-[720p]-B012.mkv","kind":"playing","time":"2024-07-04T19:13:13Z","title":"AI-FMAB-[720p]-B012.mkv"}
{"filename":"AI-FMAB-[720p]-B012.mkv","kind":"playing","time":"2024-07-04T19:13:18Z","title":"AI-FMAB-[720p]-B012.mkv"}
{"filename":"AI-FMAB-[720p]-B012.mkv","kind":"playing","time":"2024-07-04T19:13:23Z","title":"AI-FMAB-[720p]-B012.mkv"}
{"filename":"AI-FMAB-[720p]-B012.mkv","kind":"playing","time":"2024-07-04T19:13:28Z","title":"AI-FMAB-[720p]-B012.mkv"}
{"filename":"AI-FMAB-[720p]-B012.mkv","kind":"playing","time":"2024-07-04T19:13:33Z","title":"AI-FMAB-[720p]-B012.mkv"}
{"filename":"AI-FMAB-[720p]-B012.mkv","kind":"playing","time":"2024-07-04T19:13:38Z","title":"AI-FMAB-[720p]-B012.mkv"}
{"filename":"AI-FMAB-[720p]-B012.mkv","kind":"playing","time":"2024-07-04T19:13:43Z","title":"AI-FMAB-[720p]-B012.mkv"}
{"filename":"AI-FMAB-[720p]-B012.mkv","kind":"playing","time":"2024-07-04T19:13:48Z","title":"AI-FMAB-[720p]-B012.mkv"}
{"filename":"AI-FMAB-[720p]-B012.mkv","kind":"playing","time":"2024-07-04T19:13:53Z","title":"AI-FMAB-[720p]-B012.mkv"}
{"filename":"AI-FMAB-[720p]-B012.mkv","kind":"playing","time":"2024-07-04T19:13:58Z","title":"AI-FMAB-[720p]-B012.mkv"}
{"filename":"AI-FMAB-[720p]-B012.mkv","kind":"playing","time":"2024-07-04T19:14:03Z","title":"AI-FMAB-[720p]-B012.mkv"}
{"filename":"AI-FMAB-[720p]-B012.mkv","kind":"playing","time":"2024-07-04T19:14:08Z","title":"AI-FMAB-[720p]-B012.mkv"}
{"filename":"AI-FMAB-[720p]-B012.mkv","kind":"playing","time":"2024-07-04T19:14:13Z","title":"AI-FMAB-[720p]-B012.mkv"}
{"filename":"AI-FMAB-[720p]-B012.mkv","kind":"playing","time":"2024-07-04T19:14:18Z","title":"AI-FMAB-[720p]-B012.mkv"}
{"filename":"AI-FMAB-[720p]-B012.mkv","kind":"playing","time":"2024-07-04T19:14:23Z","title":"AI-FMAB-[720p]-B012.mkv"}
{"filename":"AI-FMAB-[720p]-B012.mkv","kind":"playing","time":"2024-07-04T19:14:28Z","title":"AI-FMAB-[720p]-B012.mkv"}
{"filename":"AI-FMAB-[720p]-B012.mkv","kind":"playing","time":"2024-07-04T19:14:33Z","title":"AI-FMAB-[720p]-B012.mkv"}
{"filename":"AI-FMAB-[720p]-B012.mkv","kind":"playing","time":"2024-07-04T19:14:38Z","title":"AI-FMAB-[720p]-B012.mkv"}
{"filename":"AI-FMAB-[720p]-B012.mkv","kind":"playing","time":"2024-07-04T19:14:43Z","title":"AI-FMAB-[720p]-B012.mkv"}
{"filename":"AI-FMAB-[720p]-B012.mkv","kind":"playing","time":"2024-07-04T19:14:48Z","title":"AI-FMAB-[720p]-B012.mkv"}
{"filename":"AI-FMAB-[720p]-B012.mkv","kind":"playing","time":"2024-07-04T19:14:53Z","title":"AI-FMAB-[720p]-B012.mkv"}
{"filename":"AI-FMAB-[720p]-B012.mkv","kind":"playing","time":"2024-07-04T19:14:58Z","title":"AI-FMAB-[720p]-B012.mkv"}
{"filename":"AI-FMAB-[720p]-B012.mkv","kind":"playing","time":"2024-07-04T19:15:03Z","title":"AI-FMAB-[720p]-B012.mkv"}
{"filename":"AI-FMAB-[720p]-B012.mkv","kind":"playing","time":"2024-07-04T19:15:08Z","title":"AI-FMAB-[720p]-B012.mkv"}
{"filename":"AI-FMAB-[720p]-B012.mkv","kind":"playing","time":"2024-07-04T19:15:13Z","title":"AI-FMAB-[720p]-B012.mkv"}
{"filename":"AI-FMAB-[720p]-B012.mkv","kind":"playing","time":"2024-07-04T19:15:18Z","title":"AI-FMAB-[720p]-B012.mkv"}
{"filename":"AI-FMAB-[720p]-B012.mkv","kind":"playing","time":"2024-07-04T19:15:23Z","title":"AI-FMAB-[720p]-B012.mkv"}
{"filename":"AI-FMAB-[720p]-B012.mkv","kind":"playing","time":"2024-07-04T19:15:28Z","title":"AI-FMAB-[720p]-B012.mkv"}
{"filename":"AI-FMAB-[720p]-B012.mkv","kind":"playing","time":"2024-07-04T19:15:33Z","title":"AI-FMAB-[720p]-B012.mkv"}
{"filename":"AI-FMAB-[720p]-B012.mkv","kind":"playing","time":"2024-07-04T19:15:38Z","title":"AI-FMAB-[720p]-B012.mkv"}
{"filename":"AI-FMAB-[720p]-B012.mkv","kind":"playing","time":"2024-07-04T19:15:43Z","title":"AI-FMAB-[720p]-B012.mkv"}
{"filename":"AI-FMAB-[720p]-B012.mkv","kind":"playing","time":"2024-07-04T19:15:48Z","title":"AI-FMAB-[720p]-B012.mkv"}
{"filename":"AI-FMAB-[720p]-B012.mkv","kind":"playing","time":"2024-07-04T19:15:53Z","title":"AI-FMAB-[720p]-B012.mkv"}
{"filename":"AI-FMAB-[720p]-B012.mkv","kind":"playing","time":"2024-07-04T19:15:58Z","title":"AI-FMAB-[720p]-B012.mkv"}
{"filename":"AI-FMAB-[720p]-B012.mkv","kind":"playing","time":"2024-07-04T19:16:03Z","title":"AI-FMAB-[720p]-B012.mkv"}
{"filename":"AI-FMAB-[720p]-B012.mkv","kind":"playing","time":"2024-07-04T19:16:08Z","title":"AI-FMAB-[720p]-B012.mkv"}
{"filename":"AI-FMAB-[720p]-B012.mkv","kind":"playing","time":"2024-07-04T19:16:13Z","title":"AI-FMAB-[720p]-B012.mkv"}
{"filename":"AI-FMAB-[720p]-B012.mkv","kind":"playing","time":"2024-07-04T19:16:18Z","title":"AI-FMAB-[720p]-B012.mkv"}
{"filename":"AI-FMAB-[720p]-B012.mkv","kind":"playing","time":"2024-07-04T19:16:23Z","title":"AI-FMAB-[720p]-B012.mkv"}
{"filename":"AI-FMAB-[720p]-B012.mkv","kind":"playing","time":"2024-07-04T19:16:28Z","title":"AI-FMAB-[720p]-B012.mkv"}
{"filename":"AI-FMAB-[720p]-B012.mkv","kind":"playing","time":"2024-07-04T19:16:33Z","title":"AI-FMAB-[720p]-B012.mkv"}
{"filename":"AI-FMAB-[720p]-B012.mkv","kind":"playing","time":"2024-07-04T19:16:38Z","title":"AI-FMAB-[720p]-B012.mkv"}
{"filename":"AI-FMAB-[720p]-B012.mkv","kind":"playing","time":"2024-07-04T19:16:43Z","title":"AI-FMAB-[720p]-B012.mkv"}
{"filename":"AI-FMAB-[720p]-B012.mkv","kind":"playing","time":"2024-07-04T19:16:48Z","title":"AI-FMAB-[720p]-B012.mkv"}
{"filename":"AI-FMAB-[720p]-B012.mkv","kind":"playing","time":"2024-07-04T19:16:53Z","title":"AI-FMAB-[720p]-B012.mkv"}
{"filename":"AI-FMAB-[720p]-B012.mkv","kind":"playing","time":"2024-07-04T19:16:58Z","title":"AI-FMAB-[720p]-B012.mkv"}
{"filename":"AI-FMAB-[720p]-B012.mkv","kind":"playing","time":"2024-07-04T19:17:03Z","title":"AI-FMAB-[720p]-B012.mkv"}
{"filename":"AI-FMAB-[720p]-B012.mkv","kind":"playing","time":"2024-07-04T19:17:08Z","title":"AI-FMAB-[720p]-B012.mkv"}
{"filename":"AI-FMAB-[720p]-B012.mkv","kind":"playing","time":"2024-07-04T19:17:13Z","title":"AI-FMAB-[720p]-B012.mkv"}
{"filename":"AI-FMAB-[720p]-B012.mkv","kind":"playing","time":"2024-07-04T19:17:18Z","title":"AI-FMAB-[720p]-B012.mkv"}
{"filename":"AI-FMAB-[720p]-B012.mkv","kind":"playing","time":"2024-07-04T19:17:23Z","title":"AI-FMAB-[720p]-B012.mkv"}
{"filename":"AI-FMAB-[720p]-B012.mkv","kind":"playing","time":"2024-07-04T19:17:28Z","title":"AI-FMAB-[720p]-B012.mkv"}
{"filename":"AI-FMAB-[720p]-B012.mkv","kind":"playing","time":"2024-07-04T19:17:33Z","title":"AI-FMAB-[720p]-B012.mkv"}
{"filename":"AI-FMAB-[720p]-B012.mkv","kind":"playing","time":"2024-07-04T19:17:38Z","title":"AI-FMAB-[720p]-B012.mkv"}
{"filename":"AI-FMAB-[720p]-B012.mkv","kind":"playing","time":"2024-07-04T19:17:43Z","title":"AI-FMAB-[720p]-B012.mkv"}
{"filename":"AI-FMAB-[720p]-B012.mkv","kind":"playing","time":"2024-07-04T19:17:48Z","title":"AI-FMAB-[720p]-B012.mkv"}
{"filename":"AI-FMAB-[720p]-B012.mkv","kind":"playing","time":"2024-07-04T19:17:53Z","title":"AI-FMAB-[720p]-B012.mkv"}
{"filename":"AI-FMAB-[720p]-B012.mkv","kind":"playing","time":"2024-07-04T19:17:58Z","title":"AI-FMAB-[720p]-B012.mkv"}
{"filename":"AI-FMAB-[720p]-B012.mkv","kind":"playing","time":"2024-07-04T19:18:03Z","title":"AI-FMAB-[720p]-B012.mkv"}
{"filename":"AI-FMAB-[720p]-B012.mkv","kind":"playing","time":"2024-07-04T19:18:08Z","title":"AI-FMAB-[720p]-B012.mkv"}
{"filename":"AI-FMAB-[720p]-B012.mkv","kind":"playing","time":"2024-07-04T19:18:13Z","title":"AI-FMAB-[720p]-B012.mkv"}
{"filename":"AI-FMAB-[720p]-B012.mkv","kind":"playing","time":"2024-07-04T19:18:18Z","title":"AI-FMAB-[720p]-B012.mkv"}
{"filename":"AI-FMAB-[720p]-B012.mkv","kind":"playing","time":"2024-07-04T19:18:23Z","title":"AI-FMAB-[720p]-B012.mkv"}
{"filename":"AI-FMAB-[720p]-B012.mkv","kind":"playing","time":"2024-07-04T19:18:28Z","title":"AI-FMAB-[720p]-B012.mkv"}
{"filename":"AI-FMAB-[720p]-B012.mkv","kind":"playing","time":"2024-07-04T19:18:33Z","title":"AI-FMAB-[720p]-B012.mkv"}
{"filename":"AI-FMAB-[720p]-B012.mkv","kind":"playing","time":"2024-07-04T19:18:38Z","title":"AI-FMAB-[720p]-B012.mkv"}
{"filename":"AI-FMAB-[720p]-B012.mkv","kind":"playing","time":"2024-07-04T19:18:43Z","title":"AI-FMAB-[720p]-B012.mkv"}
{"filename":"AI-FMAB-[720p]-B012.mkv","kind":"playing","time":"2024-07-04T19:18:48Z","title":"AI-FMAB-[720p]-B012.mkv"}
{"filename":"AI-FMAB-[720p]-B012.mkv","kind":"playing","time":"2024-07-04T19:18:53Z","title":"AI-FMAB-[720p]-B012.mkv"}
{"filename":"AI-FMAB-[720p]-B012.mkv","kind":"playing","time":"2024-07-04T19:18:58Z","title":"AI-FMAB-[720p]-B012.mkv"}
{"filename":"AI-FMAB-[720p]-B012.mkv","kind":"playing","time":"2024-07-04T19:19:03Z","title":"AI-FMAB-[720p]-B012.mkv"}
{"filename":"AI-FMAB-[720p]-B012.mkv","kind":"playing","time":"2024-07-04T19:19:08Z","title":"AI-FMAB-[720p]-B012.mkv"}
{"filename":"AI-FMAB-[720p]-B012.mkv","kind":"playing","time":"2024-07-04T19:19:13Z","title":"AI-FMAB-[720p]-B012.mkv"}
{"filename":"AI-FMAB-[720p]-B012.mkv","kind":"playing","time":"2024-07-04T19:19:18Z","title":"AI-FMAB-[720p]-B012.mkv"}
{"filename":"AI-FMAB-[720p]-B012.mkv","kind":"playing","time":"2024-07-04T19:19:23Z","title":"AI-FMAB-[720p]-B012.mkv"}
{"filename":"AI-FMAB-[720p]-B012.mkv","kind":"playing","time":"2024-07-04T19:19:28Z","title":"AI-FMAB-[720p]-B012.mkv"}
{"filename":"AI-FMAB-[720p]-B012.mkv","kind":"playing","time":"2024-07-04T19:19:33Z","title":"AI-FMAB-[720p]-B012.mkv"}
{"filename":"AI-FMAB-[720p]-B012.mkv","kind":"playing","time":"2024-07-04T19:19:38Z","title":"AI-FMAB-[720p]-B012.mkv"}
{"filename":"AI-FMAB-[720p]-B012.mkv","kind":"playing","time":"2024-07-04T19:19:43Z","title":"AI-FMAB-[720p]-B012.mkv"}
{"filename":"AI-FMAB-[720p]-B012.mkv","kind":"playing","time":"2024-07-04T19:19:48Z","title":"AI-FMAB-[720p]-B012.mkv"}
{"filename":"AI-FMAB-[720p]-B012.mkv","kind":"playing","time":"2024-07-04T19:19:53Z","title":"AI-FMAB-[720p]-B012.mkv"}
{"filename":"AI-FMAB-[720p]-B012.mkv","kind":"playing","time":"2024-07-04T19:19:58Z","title":"AI-FMAB-[720p]-B012.mkv"}
{"filename":"AI-FMAB-[720p]-B012.mkv","kind":"playing","time":"2024-07-04T19:20:03Z","title":"AI-FMAB-[720p]-B012.mkv"}
{"filename":"AI-FMAB-[720p]-B012.mkv","kind":"playing","time":"2024-07-04T19:20:08Z","title":"AI-FMAB-[720p]-B012.mkv"}
{"filename":"AI-FMAB-[720p]-B012.mkv","kind":"playing","time":"2024-07-04T19:20:13Z","title":"AI-FMAB-[720p]-B012.mkv"}
{"filename":"AI-FMAB-[720p]-B012.mkv","kind":"playing","time":"2024-07-04T19:20:18Z","title":"AI-FMAB-[720p]-B012.mkv"}
{"filename":"AI-FMAB-[720p]-B012.mkv","kind":"playing","time":"2024-07-04T19:20:23Z","title":"AI-FMAB-[720p]-B012.mkv"}
{"filename":"AI-FMAB-[720p]-B012.mkv","kind":"playing","time":"2024-07-04T19:20:28Z","title":"AI-FMAB-[720p]-B012.mkv"}
{"filename":"AI-FMAB-[720p]-B012.mkv","kind":"playing","time":"2024-07-04T19:20:33Z","title":"AI-FMAB-[720p]-B012.mkv"}
{"filename":"AI-FMAB-[720p]-B012.mkv","kind":"playing","time":"2024-07-04T19:20:38Z","title":"AI-FMAB-[720p]-B012.mkv"}
{"filename":"AI-FMAB-[720p]-B012.mkv","kind":"playing","time":"2024-07-04T19:20:43Z","title":"AI-FMAB-[720p]-B012.mkv"}
{"filename":"AI-FMAB-[720p]-B012.mkv","kind":"playing","time":"2024-07-04T19:20:48Z","title":"AI-FMAB-[720p]-B012.mkv"}
{"filename":"AI-FMAB-[720p]-B012.mkv","kind":"playing","time":"2024-07-04T19:20:53Z","title":"AI-FMAB-[720p]-B012.mkv"}
{"filename":"AI-FMAB-[720p]-B012.mkv","kind":"playing","time":"2024-07-04T19:20:58Z","title":"AI-FMAB-[720p]-B012.mkv"}
{"filename":"AI-FMAB-[720p]-B012.mkv","kind":"playing","time":"2024-07-04T19:21:03Z","title":"AI-FMAB-[720p]-B012.mkv"}
{"filename":"AI-FMAB-[720p]-B012.mkv","kind":"playing","time":"2024-07-04T19:21:08Z","title":"AI-FMAB-[720p]-B012.mkv"}
{"filename":"AI-FMAB-[720p]-B012.mkv","kind":"playing","time":"2024-07-04T19:21:13Z","title":"AI-FMAB-[720p]-B012.mkv"}
{"filename":"AI-FMAB-[720p]-B012.mkv","kind":"playing","time":"2024-07-04T19:21:18Z","title":"AI-FMAB-[720p]-B012.mkv"}
{"filename":"AI-FMAB-[720p]-B012.mkv","kind":"playing","time":"2024-07-04T19:21:23Z","title":"AI-FMAB-[720p]-B012.mkv"}
{"filename":"AI-FMAB-[720p]-B012.mkv","kind":"playing","time":"2024-07-04T19:21:28Z","title":"AI-FMAB-[720p]-B012.mkv"}
{"filename":"AI-FMAB-[720p]-B012.mkv","kind":"playing","time":"2024-07-04T19:21:33Z","title":"AI-FMAB-[720p]-B012.mkv"}
{"filename":"AI-FMAB-[720p]-B012.mkv","kind":"playing","time":"2024-07-04T19:21:38Z","title":"AI-FMAB-[720p]-B012.mkv"}
{"filename":"AI-FMAB-[720p]-B012.mkv","kind":"playing","time":"2024-07-04T19:21:43Z","title":"AI-FMAB-[720p]-B012.mkv"}
{"filename":"AI-FMAB-[720p]-B012.mkv","kind":"playing","time":"2024-07-04T19:21:48Z","title":"AI-FMAB-[720p]-B012.mkv"}
{"filename":"AI-FMAB-[720p]-B012.mkv","kind":"playing","time":"2024-07-04T19:21:53Z","title":"AI-FMAB-[720p]-B012.mkv"}
{"filename":"AI-FMAB-[720p]-B012.mkv","kind":"playing","time":"2024-07-04T19:21:58Z","title":"AI-FMAB-[720p]-B012.mkv"}
{"filename":"AI-FMAB-[720p]-B012.mkv","kind":"playing","time":"2024-07-04T19:22:03Z","title":"AI-FMAB-[720p]-B012.mkv"}
{"filename":"AI-FMAB-[720p]-B012.mkv","kind":"playing","time":"2024-07-04T19:22:08Z","title":"AI-FMAB-[720p]-B012.mkv"}
{"filename":"AI-FMAB-[720p]-B013.mkv","kind":"playing","time":"2024-07-04T19:22:13Z","title":"AI-FMAB-[720p]-B013.mkv"}
{"filename":"AI-FMAB-[720p]-B013.mkv","kind":"playing","time":"2024-07-04T19:22:18Z","title":"AI-FMAB-[720p]-B013.mkv"}
{"filename":"AI-FMAB-[720p]-B013.mkv","kind":"playing","time":"2024-07-04T19:22:23Z","title":"AI-FMAB-[720p]-B013.mkv"}
{"filename":"AI-FMAB-[720p]-B013.mkv","kind":"playing","time":"2024-07-04T19:22:28Z","title":"AI-FMAB-[720p]-B013.mkv"}
{"filename":"AI-FMAB-[720p]-B013.mkv","kind":"playing","time":"2024-07-04T19:22:33Z","title":"AI-FMAB-[720p]-B013.mkv"}
{"filename":"AI-FMAB-[720p]-B013.mkv","kind":"playing","time":"2024-07-04T19:22:38Z","title":"AI-FMAB-[720p]-B013.mkv"}
{"filename":"AI-FMAB-[720p]-B013.mkv","kind":"playing","time":"2024-07-04T19:22:43Z","title":"AI-FMAB-[720p]-B013.mkv"}
{"filename":"AI-FMAB-[720p]-B013.mkv","kind":"playing","time":"2024-07-04T19:22:48Z","title":"AI-FMAB-[720p]-B013.mkv"}
{"filename":"AI-FMAB-[720p]-B013.mkv","kind":"playing","time":"2024-07-04T19:22:53Z","title":"AI-FMAB-[720p]-B013.mkv"}
{"filename":"AI-FMAB-[720p]-B013.mkv","kind":"playing","time":"2024-07-04T19:22:58Z","title":"AI-FMAB-[720p]-B013.mkv"}
{"filename":"AI-FMAB-[720p]-B013.mkv","kind":"playing","time":"2024-07-04T19:23:03Z","title":"AI-FMAB-[720p]-B013.mkv"}
{"filename":"AI-FMAB-[720p]-B013.mkv","kind":"playing","time":"2024-07-04T19:23:08Z","title":"AI-FMAB-[720p]-B013.mkv"}
{"filename":"AI-FMAB-[720p]-B013.mkv","kind":"playing","time":"2024-07-04T19:23:13Z","title":"AI-FMAB-[720p]-B013.mkv"}
{"filename":"AI-FMAB-[720p]-B013.mkv","kind":"playing","time":"2024-07-04T19:23:18Z","title":"AI-FMAB-[720p]-B013.mkv"}
{"filename":"AI-FMAB-[720p]-B013.mkv","kind":"playing","time":"2024-07-04T19:23:23Z","title":"AI-FMAB-[720p]-B013.mkv"}
{"filename":"AI-FMAB-[720p]-B013.mkv","kind":"playing","time":"2024-07-04T19:23:28Z","title":"AI-FMAB-[720p]-B013.mkv"}
{"filename":"AI-FMAB-[720p]-B013.mkv","kind":"playing","time":"2024-07-04T19:23:33Z","title":"AI-FMAB-[720p]-B013.mkv"}
{"filename":"AI-FMAB-[720p]-B013.mkv","kind":"playing","time":"2024-07-04T19:23:38Z","title":"AI-FMAB-[720p]-B013.mkv"}
{"filename":"AI-FMAB-[720p]-B013.mkv","kind":"playing","time":"2024-07-04T19:23:43Z","title":"AI-FMAB-[720p]-B013.mkv"}
{"filename":"AI-FMAB-[720p]-B013.mkv","kind":"playing","time":"2024-07-04T19:23:48Z","title":"AI-FMAB-[720p]-B013.mkv"}
{"filename":"AI-FMAB-[720p]-B013.mkv","kind":"playing","time":"2024-07-04T19:23:53Z","title":"AI-FMAB-[720p]-B013.mkv"}
{"filename":"AI-FMAB-[720p]-B013.mkv","kind":"playing","time":"2024-07-04T19:23:58Z","title":"AI-FMAB-[720p]-B013.mkv"}
{"filename":"AI-FMAB-[720p]-B013.mkv","kind":"playing","time":"2024-07-04T19:24:03Z","title":"AI-FMAB-[720p]-B013.mkv"}
{"filename":"AI-FMAB-[720p]-B013.mkv","kind":"playing","time":"2024-07-04T19:24:08Z","title":"AI-FMAB-[720p]-B013.mkv"}
{"filename":"AI-FMAB-[720p]-B013.mkv","kind":"playing","time":"2024-07-04T19:24:13Z","title":"AI-FMAB-[720p]-B013.mkv"}
{"filename":"AI-FMAB-[720p]-B013.mkv","kind":"playing","time":"2024-07-04T19:24:18Z","title":"AI-FMAB-[720p]-B013.mkv"}
{"filename":"AI-FMAB-[720p]-B013.mkv","kind":"playing","time":"2024-07-04T19:24:23Z","title":"AI-FMAB-[720p]-B013.mkv"}
{"filename":"AI-FMAB-[720p]-B013.mkv","kind":"playing","time":"2024-07-04T19:24:28Z","title":"AI-FMAB-[720p]-B013.mkv"}
{"filename":"AI-FMAB-[720p]-B013.mkv","kind":"playing","time":"2024-07-04T19:24:34Z","title":"AI-FMAB-[720p]-B013.mkv"}
{"filename":"AI-FMAB-[720p]-B013.mkv","kind":"playing","time":"2024-07-04T19:24:39Z","title":"AI-FMAB-[720p]-B013.mkv"}
{"filename":"AI-FMAB-[720p]-B013.mkv","kind":"playing","time":"2024-07-04T19:24:44Z","title":"AI-FMAB-[720p]-B013.mkv"}
{"filename":"AI-FMAB-[720p]-B013.mkv","kind":"playing","time":"2024-07-04T19:24:49Z","title":"AI-FMAB-[720p]-B013.mkv"}
{"filename":"AI-FMAB-[720p]-B013.mkv","kind":"playing","time":"2024-07-04T19:24:54Z","title":"AI-FMAB-[720p]-B013.mkv"}
{"filename":"AI-FMAB-[720p]-B013.mkv","kind":"playing","time":"2024-07-04T19:24:59Z","title":"AI-FMAB-[720p]-B013.mkv"}
{"filename":"AI-FMAB-[720p]-B013.mkv","kind":"playing","time":"2024-07-04T19:25:04Z","title":"AI-FMAB-[720p]-B013.mkv"}
{"filename":"AI-FMAB-[720p]-B013.mkv","kind":"playing","time":"2024-07-04T19:25:09Z","title":"AI-FMAB-[720p]-B013.mkv"}
{"filename":"AI-FMAB-[720p]-B013.mkv","kind":"playing","time":"2024-07-04T19:25:14Z","title":"AI-FMAB-[720p]-B013.mkv"}
{"filename":"AI-FMAB-[720p]-B013.mkv","kind":"playing","time":"2024-07-04T19:25:19Z","title":"AI-FMAB-[720p]-B013.mkv"}
{"filename":"AI-FMAB-[720p]-B013.mkv","kind":"playing","time":"2024-07-04T19:25:24Z","title":"AI-FMAB-[720p]-B013.mkv"}
{"filename":"AI-FMAB-[720p]-B013.mkv","kind":"playing","time":"2024-07-04T19:25:29Z","title":"AI-FMAB-[720p]-B013.mkv"}
{"filename":"AI-FMAB-[720p]-B013.mkv","kind":"playing","time":"2024-07-04T19:25:34Z","title":"AI-FMAB-[720p]-B013.mkv"}
{"filename":"AI-FMAB-[720p]-B013.mkv","kind":"playing","time":"2024-07-04T19:25:39Z","title":"AI-FMAB-[720p]-B013.mkv"}
{"filename":"AI-FMAB-[720p]-B013.mkv","kind":"playing","time":"2024-07-04T19:25:44Z","title":"AI-FMAB-[720p]-B013.mkv"}
{"filename":"AI-FMAB-[720p]-B013.mkv","kind":"playing","time":"2024-07-04T19:25:49Z","title":"AI-FMAB-[720p]-B013.mkv"}
{"filename":"AI-FMAB-[720p]-B013.mkv","kind":"playing","time":"2024-07-04T19:25:54Z","title":"AI-FMAB-[720p]-B013.mkv"}
{"filename":"AI-FMAB-[720p]-B013.mkv","kind":"playing","time":"2024-07-04T19:25:59Z","title":"AI-FMAB-[720p]-B013.mkv"}
{"filename":"AI-FMAB-[720p]-B013.mkv","kind":"playing","time":"2024-07-04T19:26:04Z","title":"AI-FMAB-[720p]-B013.mkv"}
{"filename":"AI-FMAB-[720p]-B013.mkv","kind":"playing","time":"2024-07-04T19:26:09Z","title":"AI-FMAB-[720p]-B013.mkv"}
{"filename":"AI-FMAB-[720p]-B013.mkv","kind":"playing","time":"2024-07-04T19:26:14Z","title":"AI-FMAB-[720p]-B013.mkv"}
{"filename":"AI-FMAB-[720p]-B013.mkv","kind":"playing","time":"2024-07-04T19:26:19Z","title":"AI-FMAB-[720p]-B013.mkv"}
{"filename":"AI-FMAB-[720p]-B013.mkv","kind":"playing","time":"2024-07-04T19:26:24Z","title":"AI-FMAB-[720p]-B013.mkv"}
{"filename":"AI-FMAB-[720p]-B013.mkv","kind":"playing","time":"2024-07-04T19:26:29Z","title":"AI-FMAB-[720p]-B013.mkv"}
{"filename":"AI-FMAB-[720p]-B013.mkv","kind":"playing","time":"2024-07-04T19:26:34Z","title":"AI-FMAB-[720p]-B013.mkv"}
{"filename":"AI-FMAB-[720p]-B013.mkv","kind":"playing","time":"2024-07-04T19:26:39Z","title":"AI-FMAB-[720p]-B013.mkv"}
{"filename":"AI-FMAB-[720p]-B013.mkv","kind":"playing","time":"2024-07-04T19:26:44Z","title":"AI-FMAB-[720p]-B013.mkv"}
{"filename":"AI-FMAB-[720p]-B013.mkv","kind":"playing","time":"2024-07-04T19:26:49Z","title":"AI-FMAB-[720p]-B013.mkv"}
{"filename":"AI-FMAB-[720p]-B013.mkv","kind":"playing","time":"2024-07-04T19:26:54Z","title":"AI-FMAB-[720p]-B013.mkv"}
{"filename":"AI-FMAB-[720p]-B013.mkv","kind":"playing","time":"2024-07-04T19:26:59Z","title":"AI-FMAB-[720p]-B013.mkv"}
{"filename":"AI-FMAB-[720p]-B013.mkv","kind":"playing","time":"2024-07-04T19:27:04Z","title":"AI-FMAB-[720p]-B013.mkv"}
{"filename":"AI-FMAB-[720p]-B013.mkv","kind":"playing","time":"2024-07-04T19:27:09Z","title":"AI-FMAB-[720p]-B013.mkv"}
{"filename":"AI-FMAB-[720p]-B013.mkv","kind":"playing","time":"2024-07-04T19:27:14Z","title":"AI-FMAB-[720p]-B013.mkv"}
{"filename":"AI-FMAB-[720p]-B013.mkv","kind":"playing","time":"2024-07-04T19:27:19Z","title":"AI-FMAB-[720p]-B013.mkv"}
{"filename":"AI-FMAB-[720p]-B013.mkv","kind":"playing","time":"2024-07-04T19:27:24Z","title":"AI-FMAB-[720p]-B013.mkv"}
{"filename":"AI-FMAB-[720p]-B013.mkv","kind":"playing","time":"2024-07-04T19:27:29Z","title":"AI-FMAB-[720p]-B013.mkv"}
{"filename":"AI-FMAB-[720p]-B013.mkv","kind":"playing","time":"2024-07-04T19:27:34Z","title":"AI-FMAB-[720p]-B013.mkv"}
{"filename":"AI-FMAB-[720p]-B013.mkv","kind":"playing","time":"2024-07-04T19:27:39Z","title":"AI-FMAB-[720p]-B013.mkv"}
{"filename":"AI-FMAB-[720p]-B013.mkv","kind":"playing","time":"2024-07-04T19:27:44Z","title":"AI-FMAB-[720p]-B013.mkv"}
{"filename":"AI-FMAB-[720p]-B013.mkv","kind":"playing","time":"2024-07-04T19:27:49Z","title":"AI-FMAB-[720p]-B013.mkv"}
{"filename":"AI-FMAB-[720p]-B013.mkv","kind":"playing","time":"2024-07-04T19:27:54Z","title":"AI-FMAB-[720p]-B013.mkv"}
{"filename":"AI-FMAB-[720p]-B013.mkv","kind":"playing","time":"2024-07-04T19:27:59Z","title":"AI-FMAB-[720p]-B013.mkv"}
{"filename":"AI-FMAB-[720p]-B013.mkv","kind":"playing","time":"2024-07-04T19:28:04Z","title":"AI-FMAB-[720p]-B013.mkv"}
{"filename":"AI-FMAB-[720p]-B013.mkv","kind":"playing","time":"2024-07-04T19:28:09Z","title":"AI-FMAB-[720p]-B013.mkv"}
{"filename":"AI-FMAB-[720p]-B013.mkv","kind":"playing","time":"2024-07-04T19:28:14Z","title":"AI-FMAB-[720p]-B013.mkv"}
{"filename":"AI-FMAB-[720p]-B013.mkv","kind":"playing","time":"2024-07-04T19:28:19Z","title":"AI-FMAB-[720p]-B013.mkv"}
{"filename":"AI-FMAB-[720p]-B013.mkv","kind":"playing","time":"2024-07-04T19:28:24Z","title":"AI-FMAB-[720p]-B013.mkv"}
{"filename":"AI-FMAB-[720p]-B013.mkv","kind":"playing","time":"2024-07-04T19:28:29Z","title":"AI-FMAB-[720p]-B013.mkv"}
{"filename":"AI-FMAB-[720p]-B013.mkv","kind":"playing","time":"2024-07-04T19:28:34Z","title":"AI-FMAB-[720p]-B013.mkv"}
{"filename":"AI-FMAB-[720p]-B013.mkv","kind":"playing","time":"2024-07-04T19:28:39Z","title":"AI-FMAB-[720p]-B013.mkv"}
{"filename":"AI-FMAB-[720p]-B013.mkv","kind":"playing","time":"2024-07-04T19:28:44Z","title":"AI-FMAB-[720p]-B013.mkv"}
{"filename":"AI-FMAB-[720p]-B013.mkv","kind":"playing","time":"2024-07-04T19:28:49Z","title":"AI-FMAB-[720p]-B013.mkv"}
{"filename":"AI-FMAB-[720p]-B013.mkv","kind":"playing","time":"2024-07-04T19:28:54Z","title":"AI-FMAB-[720p]-B013.mkv"}
{"filename":"AI-FMAB-[720p]-B013.mkv","kind":"playing","time":"2024-07-04T19:28:59Z","title":"AI-FMAB-[720p]-B013.mkv"}
{"filename":"AI-FMAB-[720p]-B013.mkv","kind":"playing","time":"2024-07-04T19:29:04Z","title":"AI-FMAB-[720p]-B013.mkv"}
{"filename":"AI-FMAB-[720p]-B013.mkv","kind":"playing","time":"2024-07-04T19:29:09Z","title":"AI-FMAB-[720p]-B013.mkv"}
{"filename":"AI-FMAB-[720p]-B013.mkv","kind":"playing","time":"2024-07-04T19:29:14Z","title":"AI-FMAB-[720p]-B013.mkv"}
{"filename":"AI-FMAB-[720p]-B013.mkv","kind":"playing","time":"2024-07-04T19:29:19Z","title":"AI-FMAB-[720p]-B013.mkv"}
{"filename":"AI-FMAB-[720p]-B013.mkv","kind":"playing","time":"2024-07-04T19:29:24Z","title":"AI-FMAB-[720p]-B013.mkv"}
{"filename":"AI-FMAB-[720p]-B013.mkv","kind":"playing","time":"2024-07-04T19:29:29Z","title":"AI-FMAB-[720p]-B013.mkv"}
{"filename":"AI-FMAB-[720p]-B013.mkv","kind":"playing","time":"2024-07-04T19:29:34Z","title":"AI-FMAB-[720p]-B013.mkv"}
{"filename":"AI-FMAB-[720p]-B013.mkv","kind":"playing","time":"2024-07-04T19:29:39Z","title":"AI-FMAB-[720p]-B013.mkv"}
{"filename":"AI-FMAB-[720p]-B013.mkv","kind":"playing","time":"2024-07-04T19:29:44Z","title":"AI-FMAB-[720p]-B013.mkv"}
{"filename":"AI-FMAB-[720p]-B013.mkv","kind":"playing","time":"2024-07-04T19:29:49Z","title":"AI-FMAB-[720p]-B013.mkv"}
{"filename":"AI-FMAB-[720p]-B013.mkv","kind":"playing","time":"2024-07-04T19:29:54Z","title":"AI-FMAB-[720p]-B013.mkv"}
{"filename":"AI-FMAB-[720p]-B013.mkv","kind":"playing","time":"2024-07-04T19:29:59Z","title":"AI-FMAB-[720p]-B013.mkv"}
{"filename":"AI-FMAB-[720p]-B013.mkv","kind":"playing","time":"2024-07-04T19:30:04Z","title":"AI-FMAB-[720p]-B013.mkv"}
{"filename":"AI-FMAB-[720p]-B013.mkv","kind":"playing","time":"2024-07-04T19:30:09Z","title":"AI-FMAB-[720p]-B013.mkv"}
{"filename":"AI-FMAB-[720p]-B013.mkv","kind":"playing","time":"2024-07-04T19:30:14Z","title":"AI-FMAB-[720p]-B013.mkv"}
{"filename":"AI-FMAB-[720p]-B013.mkv","kind":"playing","time":"2024-07-04T19:30:19Z","title":"AI-FMAB-[720p]-B013.mkv"}
{"filename":"AI-FMAB-[720p]-B013.mkv","kind":"playing","time":"2024-07-04T19:30:24Z","title":"AI-FMAB-[720p]-B013.mkv"}
{"filename":"AI-FMAB-[720p]-B013.mkv","kind":"playing","time":"2024-07-04T19:30:29Z","title":"AI-FMAB-[720p]-B013.mkv"}
{"filename":"AI-FMAB-[720p]-B013.mkv","kind":"playing","time":"2024-07-04T19:30:34Z","title":"AI-FMAB-[720p]-B013.mkv"}
{"filename":"AI-FMAB-[720p]-B013.mkv","kind":"playing","time":"2024-07-04T19:30:39Z","title":"AI-FMAB-[720p]-B013.mkv"}
{"filename":"AI-FMAB-[720p]-B013.mkv","kind":"playing","time":"2024-07-04T19:30:44Z","title":"AI-FMAB-[720p]-B013.mkv"}
{"filename":"AI-FMAB-[720p]-B013.mkv","kind":"playing","time":"2024-07-04T19:30:49Z","title":"AI-FMAB-[720p]-B013.mkv"}
{"filename":"AI-FMAB-[720p]-B013.mkv","kind":"playing","time":"2024-07-04T19:30:54Z","title":"AI-FMAB-[720p]-B013.mkv"}
{"filename":"AI-FMAB-[720p]-B013.mkv","kind":"playing","time":"2024-07-04T19:30:59Z","title":"AI-FMAB-[720p]-B013.mkv"}
{"filename":"AI-FMAB-[720p]-B013.mkv","kind":"playing","time":"2024-07-04T19:32:19Z","title":"AI-FMAB-[720p]-B013.mkv"}
{"filename":"AI-FMAB-[720p]-B013.mkv","kind":"playing","time":"2024-07-04T19:32:24Z","title":"AI-FMAB-[720p]-B013.mkv"}
{"filename":"AI-FMAB-[720p]-B013.mkv","kind":"playing","time":"2024-07-04T19:32:29Z","title":"AI-FMAB-[720p]-B013.mkv"}
{"filename":"AI-FMAB-[720p]-B013.mkv","kind":"playing","time":"2024-07-04T19:32:34Z","title":"AI-FMAB-[720p]-B013.mkv"}
{"filename":"AI-FMAB-[720p]-B013.mkv","kind":"playing","time":"2024-07-04T19:32:39Z","title":"AI-FMAB-[720p]-B013.mkv"}
{"filename":"AI-FMAB-[720p]-B013.mkv","kind":"playing","time":"2024-07-04T19:32:44Z","title":"AI-FMAB-[720p]-B013.mkv"}
{"filename":"AI-FMAB-[720p]-B013.mkv","kind":"playing","time":"2024-07-04T19:32:49Z","title":"AI-FMAB-[720p]-B013.mkv"}
{"filename":"AI-FMAB-[720p]-B013.mkv","kind":"playing","time":"2024-07-04T19:32:54Z","title":"AI-FMAB-[720p]-B013.mkv"}
{"filename":"AI-FMAB-[720p]-B013.mkv","kind":"playing","time":"2024-07-04T19:32:59Z","title":"AI-FMAB-[720p]-B013.mkv"}
{"filename":"AI-FMAB-[720p]-B013.mkv","kind":"playing","time":"2024-07-04T19:33:04Z","title":"AI-FMAB-[720p]-B013.mkv"}
{"filename":"AI-FMAB-[720p]-B013.mkv","kind":"playing","time":"2024-07-04T19:33:09Z","title":"AI-FMAB-[720p]-B013.mkv"}
{"filename":"AI-FMAB-[720p]-B013.mkv","kind":"playing","time":"2024-07-04T19:33:14Z","title":"AI-FMAB-[720p]-B013.mkv"}
{"filename":"AI-FMAB-[720p]-B013.mkv","kind":"playing","time":"2024-07-04T19:33:19Z","title":"AI-FMAB-[720p]-B013.mkv"}
{"filename":"AI-FMAB-[720p]-B013.mkv","kind":"playing","time":"2024-07-04T19:33:24Z","title":"AI-FMAB-[720p]-B013.mkv"}
{"filename":"AI-FMAB-[720p]-B013.mkv","kind":"playing","time":"2024-07-04T19:33:29Z","title":"AI-FMAB-[720p]-B013.mkv"}
{"filename":"AI-FMAB-[720p]-B013.mkv","kind":"playing","time":"2024-07-04T19:33:34Z","title":"AI-FMAB-[720p]-B013.mkv"}
{"filename":"AI-FMAB-[720p]-B013.mkv","kind":"playing","time":"2024-07-04T19:33:39Z","title":"AI-FMAB-[720p]-B013.mkv"}
{"filename":"AI-FMAB-[720p]-B013.mkv","kind":"playing","time":"2024-07-04T19:33:44Z","title":"AI-FMAB-[720p]-B013.mkv"}
{"filename":"AI-FMAB-[720p]-B013.mkv","kind":"playing","time":"2024-07-04T19:33:49Z","title":"AI-FMAB-[720p]-B013.mkv"}
{"filename":"AI-FMAB-[720p]-B013.mkv","kind":"playing","time":"2024-07-04T19:33:54Z","title":"AI-FMAB-[720p]-B013.mkv"}
{"filename":"AI-FMAB-[720p]-B013.mkv","kind":"playing","time":"2024-07-04T19:33:59Z","title":"AI-FMAB-[720p]-B013.mkv"}
{"filename":"AI-FMAB-[720p]-B013.mkv","kind":"playing","time":"2024-07-04T19:34:04Z","title":"AI-FMAB-[720p]-B013.mkv"}
{"filename":"AI-FMAB-[720p]-B013.mkv","kind":"playing","time":"2024-07-04T19:34:09Z","title":"AI-FMAB-[720p]-B013.mkv"}
{"filename":"AI-FMAB-[720p]-B013.mkv","kind":"playing","time":"2024-07-04T19:34:14Z","title":"AI-FMAB-[720p]-B013.mkv"}
{"filename":"AI-FMAB-[720p]-B013.mkv","kind":"playing","time":"2024-07-04T19:34:19Z","title":"AI-FMAB-[720p]-B013.mkv"}
{"filename":"AI-FMAB-[720p]-B013.mkv","kind":"playing","time":"2024-07-04T19:34:24Z","title":"AI-FMAB-[720p]-B013.mkv"}
{"filename":"AI-FMAB-[720p]-B013.mkv","kind":"playing","time":"2024-07-04T19:34:29Z","title":"AI-FMAB-[720p]-B013.mkv"}
{"filename":"AI-FMAB-[720p]-B013.mkv","kind":"playing","time":"2024-07-04T19:34:34Z","title":"AI-FMAB-[720p]-B013.mkv"}
{"filename":"AI-FMAB-[720p]-B013.mkv","kind":"playing","time":"2024-07-04T19:34:39Z","title":"AI-FMAB-[720p]-B013.mkv"}
{"filename":"AI-FMAB-[720p]-B013.mkv","kind":"playing","time":"2024-07-04T19:34:44Z","title":"AI-FMAB-[720p]-B013.mkv"}
{"filename":"AI-FMAB-[720p]-B013.mkv","kind":"playing","time":"2024-07-04T19:34:49Z","title":"AI-FMAB-[720p]-B013.mkv"}
{"filename":"AI-FMAB-[720p]-B013.mkv","kind":"playing","time":"2024-07-04T19:34:54Z","title":"AI-FMAB-[720p]-B013.mkv"}
{"filename":"AI-FMAB-[720p]-B013.mkv","kind":"playing","time":"2024-07-04T19:34:59Z","title":"AI-FMAB-[720p]-B013.mkv"}
{"filename":"AI-FMAB-[720p]-B013.mkv","kind":"playing","time":"2024-07-04T19:35:04Z","title":"AI-FMAB-[720p]-B013.mkv"}
{"filename":"AI-FMAB-[720p]-B013.mkv","kind":"playing","time":"2024-07-04T19:35:09Z","title":"AI-FMAB-[720p]-B013.mkv"}
{"filename":"AI-FMAB-[720p]-B013.mkv","kind":"playing","time":"2024-07-04T19:35:14Z","title":"AI-FMAB-[720p]-B013.mkv"}
{"filename":"AI-FMAB-[720p]-B013.mkv","kind":"playing","time":"2024-07-04T19:35:19Z","title":"AI-FMAB-[720p]-B013.mkv"}
{"filename":"AI-FMAB-[720p]-B013.mkv","kind":"playing","time":"2024-07-04T19:35:24Z","title":"AI-FMAB-[720p]-B013.mkv"}
{"filename":"AI-FMAB-[720p]-B013.mkv","kind":"playing","time":"2024-07-04T19:35:29Z","title":"AI-FMAB-[720p]-B013.mkv"}
{"filename":"AI-FMAB-[720p]-B013.mkv","kind":"playing","time":"2024-07-04T19:35:34Z","title":"AI-FMAB-[720p]-B013.mkv"}
{"filename":"AI-FMAB-[720p]-B013.mkv","kind":"playing","time":"2024-07-04T19:35:39Z","title":"AI-FMAB-[720p]-B013.mkv"}
{"filename":"AI-FMAB-[720p]-B013.mkv","kind":"playing","time":"2024-07-04T19:35:44Z","title":"AI-FMAB-[720p]-B013.mkv"}
{"filename":"AI-FMAB-[720p]-B013.mkv","kind":"playing","time":"2024-07-04T19:35:49Z","title":"AI-FMAB-[720p]-B013.mkv"}
{"filename":"AI-FMAB-[720p]-B013.mkv","kind":"playing","time":"2024-07-04T19:35:54Z","title":"AI-FMAB-[720p]-B013.mkv"}
{"filename":"AI-FMAB-[720p]-B013.mkv","kind":"playing","time":"2024-07-04T19:35:59Z","title":"AI-FMAB-[720p]-B013.mkv"}
{"filename":"AI-FMAB-[720p]-B013.mkv","kind":"playing","time":"2024-07-04T19:36:04Z","title":"AI-FMAB-[720p]-B013.mkv"}
{"filename":"AI-FMAB-[720p]-B013.mkv","kind":"playing","time":"2024-07-04T19:36:09Z","title":"AI-FMAB-[720p]-B013.mkv"}
{"filename":"AI-FMAB-[720p]-B013.mkv","kind":"playing","time":"2024-07-04T19:36:14Z","title":"AI-FMAB-[720p]-B013.mkv"}
{"filename":"AI-FMAB-[720p]-B013.mkv","kind":"playing","time":"2024-07-04T19:36:19Z","title":"AI-FMAB-[720p]-B013.mkv"}
{"filename":"AI-FMAB-[720p]-B013.mkv","kind":"playing","time":"2024-07-04T19:36:24Z","title":"AI-FMAB-[720p]-B013.mkv"}
{"filename":"AI-FMAB-[720p]-B013.mkv","kind":"playing","time":"2024-07-04T19:36:29Z","title":"AI-FMAB-[720p]-B013.mkv"}
{"filename":"AI-FMAB-[720p]-B013.mkv","kind":"playing","time":"2024-07-04T19:36:34Z","title":"AI-FMAB-[720p]-B013.mkv"}
{"filename":"AI-FMAB-[720p]-B013.mkv","kind":"playing","time":"2024-07-04T19:36:39Z","title":"AI-FMAB-[720p]-B013.mkv"}
{"filename":"AI-FMAB-[720p]-B013.mkv","kind":"playing","time":"2024-07-04T19:36:44Z","title":"AI-FMAB-[720p]-B013.mkv"}
{"filename":"AI-FMAB-[720p]-B013.mkv","kind":"playing","time":"2024-07-04T19:36:49Z","title":"AI-FMAB-[720p]-B013.mkv"}
{"filename":"AI-FMAB-[720p]-B013.mkv","kind":"playing","time":"2024-07-04T19:36:54Z","title":"AI-FMAB-[720p]-B013.mkv"}
{"filename":"AI-FMAB-[720p]-B013.mkv","kind":"playing","time":"2024-07-04T19:36:59Z","title":"AI-FMAB-[720p]-B013.mkv"}
{"filename":"AI-FMAB-[720p]-B013.mkv","kind":"playing","time":"2024-07-04T19:37:04Z","title":"AI-FMAB-[720p]-B013.mkv"}
{"filename":"AI-FMAB-[720p]-B013.mkv","kind":"playing","time":"2024-07-04T19:37:09Z","title":"AI-FMAB-[720p]-B013.mkv"}
{"filename":"AI-FMAB-[720p]-B013.mkv","kind":"playing","time":"2024-07-04T19:37:14Z","title":"AI-FMAB-[720p]-B013.mkv"}
{"filename":"AI-FMAB-[720p]-B013.mkv","kind":"playing","time":"2024-07-04T19:37:19Z","title":"AI-FMAB-[720p]-B013.mkv"}
{"filename":"AI-FMAB-[720p]-B013.mkv","kind":"playing","time":"2024-07-04T19:37:24Z","title":"AI-FMAB-[720p]-B013.mkv"}
{"filename":"AI-FMAB-[720p]-B013.mkv","kind":"playing","time":"2024-07-04T19:37:29Z","title":"AI-FMAB-[720p]-B013.mkv"}
{"filename":"AI-FMAB-[720p]-B013.mkv","kind":"playing","time":"2024-07-04T19:37:34Z","title":"AI-FMAB-[720p]-B013.mkv"}
{"filename":"AI-FMAB-[720p]-B013.mkv","kind":"playing","time":"2024-07-04T19:37:39Z","title":"AI-FMAB-[720p]-B013.mkv"}
{"filename":"AI-FMAB-[720p]-B013.mkv","kind":"playing","time":"2024-07-04T19:37:44Z","title":"AI-FMAB-[720p]-B013.mkv"}
{"filename":"AI-FMAB-[720p]-B013.mkv","kind":"playing","time":"2024-07-04T19:37:49Z","title":"AI-FMAB-[720p]-B013.mkv"}
{"filename":"AI-FMAB-[720p]-B013.mkv","kind":"playing","time":"2024-07-04T19:37:54Z","title":"AI-FMAB-[720p]-B013.mkv"}
{"filename":"AI-FMAB-[720p]-B013.mkv","kind":"playing","time":"2024-07-04T19:37:59Z","title":"AI-FMAB-[720p]-B013.mkv"}
{"filename":"AI-FMAB-[720p]-B013.mkv","kind":"playing","time":"2024-07-04T19:38:04Z","title":"AI-FMAB-[720p]-B013.mkv"}
{"filename":"AI-FMAB-[720p]-B013.mkv","kind":"playing","time":"2024-07-04T19:38:09Z","title":"AI-FMAB-[720p]-B013.mkv"}
{"filename":"AI-FMAB-[720p]-B013.mkv","kind":"playing","time":"2024-07-04T19:38:14Z","title":"AI-FMAB-[720p]-B013.mkv"}
{"filename":"AI-FMAB-[720p]-B013.mkv","kind":"playing","time":"2024-07-04T19:38:19Z","title":"AI-FMAB-[720p]-B013.mkv"}
{"filename":"AI-FMAB-[720p]-B013.mkv","kind":"playing","time":"2024-07-04T19:38:24Z","title":"AI-FMAB-[720p]-B013.mkv"}
{"filename":"AI-FMAB-[720p]-B013.mkv","kind":"playing","time":"2024-07-04T19:38:29Z","title":"AI-FMAB-[720p]-B013.mkv"}
{"filename":"AI-FMAB-[720p]-B013.mkv","kind":"playing","time":"2024-07-04T19:38:34Z","title":"AI-FMAB-[720p]-B013.mkv"}
{"filename":"AI-FMAB-[720p]-B013.mkv","kind":"playing","time":"2024-07-04T19:38:39Z","title":"AI-FMAB-[720p]-B013.mkv"}
{"filename":"AI-FMAB-[720p]-B013.mkv","kind":"playing","time":"2024-07-04T19:38:44Z","title":"AI-FMAB-[720p]-B013.mkv"}
{"filename":"AI-FMAB-[720p]-B013.mkv","kind":"playing","time":"2024-07-04T19:38:49Z","title":"AI-FMAB-[720p]-B013.mkv"}
{"filename":"AI-FMAB-[720p]-B013.mkv","kind":"playing","time":"2024-07-04T19:38:54Z","title":"AI-FMAB-[720p]-B013.mkv"}
{"filename":"AI-FMAB-[720p]-B013.mkv","kind":"playing","time":"2024-07-04T19:38:59Z","title":"AI-FMAB-[720p]-B013.mkv"}
{"filename":"AI-FMAB-[720p]-B013.mkv","kind":"playing","time":"2024-07-04T19:39:04Z","title":"AI-FMAB-[720p]-B013.mkv"}
{"filename":"AI-FMAB-[720p]-B013.mkv","kind":"playing","time":"2024-07-04T19:39:09Z","title":"AI-FMAB-[720p]-B013.mkv"}
{"filename":"AI-FMAB-[720p]-B013.mkv","kind":"playing","time":"2024-07-04T19:39:14Z","title":"AI-FMAB-[720p]-B013.mkv"}
{"filename":"AI-FMAB-[720p]-B013.mkv","kind":"playing","time":"2024-07-04T19:39:19Z","title":"AI-FMAB-[720p]-B013.mkv"}
{"filename":"AI-FMAB-[720p]-B013.mkv","kind":"playing","time":"2024-07-04T19:39:24Z","title":"AI-FMAB-[720p]-B013.mkv"}
{"filename":"AI-FMAB-[720p]-B013.mkv","kind":"playing","time":"2024-07-04T19:39:29Z","title":"AI-FMAB-[720p]-B013.mkv"}
{"filename":"AI-FMAB-[720p]-B013.mkv","kind":"playing","time":"2024-07-04T19:39:34Z","title":"AI-FMAB-[720p]-B013.mkv"}
{"filename":"AI-FMAB-[720p]-B013.mkv","kind":"playing","time":"2024-07-04T19:39:39Z","title":"AI-FMAB-[720p]-B013.mkv"}
{"filename":"AI-FMAB-[720p]-B013.mkv","kind":"playing","time":"2024-07-04T19:39:44Z","title":"AI-FMAB-[720p]-B013.mkv"}
{"filename":"AI-FMAB-[720p]-B013.mkv","kind":"playing","time":"2024-07-04T19:39:49Z","title":"AI-FMAB-[720p]-B013.mkv"}
{"filename":"AI-FMAB-[720p]-B013.mkv","kind":"playing","time":"2024-07-04T19:39:54Z","title":"AI-FMAB-[720p]-B013.mkv"}
{"filename":"AI-FMAB-[720p]-B013.mkv","kind":"playing","time":"2024-07-04T19:39:59Z","title":"AI-FMAB-[720p]-B013.mkv"}
{"filename":"AI-FMAB-[720p]-B013.mkv","kind":"playing","time":"2024-07-04T19:40:04Z","title":"AI-FMAB-[720p]-B013.mkv"}
{"filename":"AI-FMAB-[720p]-B013.mkv","kind":"playing","time":"2024-07-04T19:40:09Z","title":"AI-FMAB-[720p]-B013.mkv"}
{"filename":"AI-FMAB-[720p]-B013.mkv","kind":"playing","time":"2024-07-04T19:40:14Z","title":"AI-FMAB-[720p]-B013.mkv"}
{"filename":"AI-FMAB-[720p]-B013.mkv","kind":"playing","time":"2024-07-04T19:40:19Z","title":"AI-FMAB-[720p]-B013.mkv"}
{"filename":"AI-FMAB-[720p]-B013.mkv","kind":"playing","time":"2024-07-04T19:40:24Z","title":"AI-FMAB-[720p]-B013.mkv"}
{"filename":"AI-FMAB-[720p]-B013.mkv","kind":"playing","time":"2024-07-04T19:40:29Z","title":"AI-FMAB-[720p]-B013.mkv"}
{"filename":"AI-FMAB-[720p]-B013.mkv","kind":"playing","time":"2024-07-04T19:40:34Z","title":"AI-FMAB-[720p]-B013.mkv"}
{"filename":"AI-FMAB-[720p]-B013.mkv","kind":"playing","time":"2024-07-04T19:40:39Z","title":"AI-FMAB-[720p]-B013.mkv"}
{"filename":"AI-FMAB-[720p]-B013.mkv","kind":"playing","time":"2024-07-04T19:40:44Z","title":"AI-FMAB-[720p]-B013.mkv"}
{"filename":"AI-FMAB-[720p]-B013.mkv","kind":"playing","time":"2024-07-04T19:40:49Z","title":"AI-FMAB-[720p]-B013.mkv"}
{"filename":"AI-FMAB-[720p]-B013.mkv","kind":"playing","time":"2024-07-04T19:40:54Z","title":"AI-FMAB-[720p]-B013.mkv"}
{"filename":"AI-FMAB-[720p]-B013.mkv","kind":"playing","time":"2024-07-04T19:40:59Z","title":"AI-FMAB-[720p]-B013.mkv"}
{"filename":"AI-FMAB-[720p]-B013.mkv","kind":"playing","time":"2024-07-04T19:41:04Z","title":"AI-FMAB-[720p]-B013.mkv"}
{"filename":"AI-FMAB-[720p]-B013.mkv","kind":"playing","time":"2024-07-04T19:41:09Z","title":"AI-FMAB-[720p]-B013.mkv"}
{"filename":"AI-FMAB-[720p]-B013.mkv","kind":"playing","time":"2024-07-04T19:41:14Z","title":"AI-FMAB-[720p]-B013.mkv"}
{"filename":"AI-FMAB-[720p]-B013.mkv","kind":"playing","time":"2024-07-04T19:41:19Z","title":"AI-FMAB-[720p]-B013.mkv"}
{"filename":"AI-FMAB-[720p]-B013.mkv","kind":"playing","time":"2024-07-04T19:41:24Z","title":"AI-FMAB-[720p]-B013.mkv"}
{"filename":"AI-FMAB-[720p]-B013.mkv","kind":"playing","time":"2024-07-04T19:41:29Z","title":"AI-FMAB-[720p]-B013.mkv"}
{"filename":"AI-FMAB-[720p]-B013.mkv","kind":"playing","time":"2024-07-04T19:41:34Z","title":"AI-FMAB-[720p]-B013.mkv"}
{"filename":"AI-FMAB-[720p]-B013.mkv","kind":"playing","time":"2024-07-04T19:41:39Z","title":"AI-FMAB-[720p]-B013.mkv"}
{"filename":"AI-FMAB-[720p]-B013.mkv","kind":"playing","time":"2024-07-04T19:41:44Z","title":"AI-FMAB-[720p]-B013.mkv"}
{"filename":"AI-FMAB-[720p]-B013.mkv","kind":"playing","time":"2024-07-04T19:41:49Z","title":"AI-FMAB-[720p]-B013.mkv"}
{"filename":"AI-FMAB-[720p]-B013.mkv","kind":"playing","time":"2024-07-04T19:41:54Z","title":"AI-FMAB-[720p]-B013.mkv"}
{"filename":"AI-FMAB-[720p]-B013.mkv","kind":"playing","time":"2024-07-04T19:41:59Z","title":"AI-FMAB-[720p]-B013.mkv"}
{"filename":"AI-FMAB-[720p]-B013.mkv","kind":"playing","time":"2024-07-04T19:42:04Z","title":"AI-FMAB-[720p]-B013.mkv"}
{"filename":"AI-FMAB-[720p]-B013.mkv","kind":"playing","time":"2024-07-04T19:42:09Z","title":"AI-FMAB-[720p]-B013.mkv"}
{"filename":"AI-FMAB-[720p]-B013.mkv","kind":"playing","time":"2024-07-04T19:42:14Z","title":"AI-FMAB-[720p]-B013.mkv"}
{"filename":"AI-FMAB-[720p]-B013.mkv","kind":"playing","time":"2024-07-04T19:42:19Z","title":"AI-FMAB-[720p]-B013.mkv"}
{"filename":"AI-FMAB-[720p]-B013.mkv","kind":"playing","time":"2024-07-04T19:42:24Z","title":"AI-FMAB-[720p]-B013.mkv"}
{"filename":"AI-FMAB-[720p]-B013.mkv","kind":"playing","time":"2024-07-04T19:42:29Z","title":"AI-FMAB-[720p]-B013.mkv"}
{"filename":"AI-FMAB-[720p]-B013.mkv","kind":"playing","time":"2024-07-04T19:42:34Z","title":"AI-FMAB-[720p]-B013.mkv"}
{"filename":"AI-FMAB-[720p]-B013.mkv","kind":"playing","time":"2024-07-04T19:42:39Z","title":"AI-FMAB-[720p]-B013.mkv"}
{"filename":"AI-FMAB-[720p]-B013.mkv","kind":"playing","time":"2024-07-04T19:42:44Z","title":"AI-FMAB-[720p]-B013.mkv"}
{"filename":"AI-FMAB-[720p]-B013.mkv","kind":"playing","time":"2024-07-04T19:42:49Z","title":"AI-FMAB-[720p]-B013.mkv"}
{"filename":"AI-FMAB-[720p]-B013.mkv","kind":"playing","time":"2024-07-04T19:42:54Z","title":"AI-FMAB-[720p]-B013.mkv"}
{"filename":"AI-FMAB-[720p]-B013.mkv","kind":"playing","time":"2024-07-04T19:42:59Z","title":"AI-FMAB-[720p]-B013.mkv"}
{"filename":"AI-FMAB-[720p]-B013.mkv","kind":"playing","time":"2024-07-04T19:43:04Z","title":"AI-FMAB-[720p]-B013.mkv"}
{"filename":"AI-FMAB-[720p]-B013.mkv","kind":"playing","time":"2024-07-04T19:43:09Z","title":"AI-FMAB-[720p]-B013.mkv"}
{"filename":"AI-FMAB-[720p]-B013.mkv","kind":"playing","time":"2024-07-04T19:43:14Z","title":"AI-FMAB-[720p]-B013.mkv"}
{"filename":"AI-FMAB-[720p]-B013.mkv","kind":"playing","time":"2024-07-04T19:43:19Z","title":"AI-FMAB-[720p]-B013.mkv"}
{"filename":"AI-FMAB-[720p]-B013.mkv","kind":"playing","time":"2024-07-04T19:43:24Z","title":"AI-FMAB-[720p]-B013.mkv"}
{"filename":"AI-FMAB-[720p]-B013.mkv","kind":"playing","time":"2024-07-04T19:43:29Z","title":"AI-FMAB-[720p]-B013.mkv"}
{"filename":"AI-FMAB-[720p]-B013.mkv","kind":"playing","time":"2024-07-04T19:43:34Z","title":"AI-FMAB-[720p]-B013.mkv"}
{"filename":"AI-FMAB-[720p]-B013.mkv","kind":"playing","time":"2024-07-04T19:43:39Z","title":"AI-FMAB-[720p]-B013.mkv"}
{"filename":"AI-FMAB-[720p]-B013.mkv","kind":"playing","time":"2024-07-04T19:43:44Z","title":"AI-FMAB-[720p]-B013.mkv"}
{"filename":"AI-FMAB-[720p]-B013.mkv","kind":"playing","time":"2024-07-04T19:43:49Z","title":"AI-FMAB-[720p]-B013.mkv"}
